#
# There is insufficient memory for the Java Runtime Environment to continue.
# Native memory allocation (malloc) failed to allocate 1092816 bytes for Chunk::new
# Possible reasons:
#   The system is out of physical RAM or swap space
#   The process is running with CompressedOops enabled, and the Java Heap may be blocking the growth of the native heap
# Possible solutions:
#   Reduce memory load on the system
#   Increase physical memory or swap space
#   Check if swap backing store is full
#   Decrease Java heap size (-Xmx/-Xms)
#   Decrease number of Java threads
#   Decrease Java thread stack sizes (-Xss)
#   Set larger code cache with -XX:ReservedCodeCacheSize=
#   JVM is running with Unscaled Compressed Oops mode in which the Java heap is
#     placed in the first 4GB address space. The Java Heap base address is the
#     maximum limit for the native heap growth. Please use -XX:HeapBaseMinAddress
#     to set the Java Heap base and to place the Java Heap above 4GB virtual address.
# This output file may be truncated or incomplete.
#
#  Out of Memory Error (c:/cygwin64/tmp/openjdk-jdk11u-windows-x64-hotspot/workspace/build/src/src/hotspot/share/memory/arena.cpp:197), pid=14880, tid=11868
#
# JRE version: OpenJDK Runtime Environment (11.0.6+10) (build 11.0.6+10)
# Java VM: OpenJDK 64-Bit Server VM (11.0.6+10, mixed mode, tiered, compressed oops, g1 gc, windows-amd64)
# No core dump will be written. Minidumps are not enabled by default on client versions of Windows
#

---------------  S U M M A R Y ------------

Command Line: --add-modules=ALL-SYSTEM --add-opens=java.base/java.util=ALL-UNNAMED --add-opens=java.base/java.lang=ALL-UNNAMED -Declipse.application=org.eclipse.jdt.ls.core.id1 -Dosgi.bundles.defaultStartLevel=4 -Declipse.product=org.eclipse.jdt.ls.core.product -Dfile.encoding=utf8 -DwatchParentProcess=false -Xmx1G -XX:+UseG1GC -XX:+UseStringDeduplication -Xverify:none c:\Users\Eric Dao\.vscode\extensions\redhat.java-0.57.0\server\plugins\org.eclipse.equinox.launcher_1.5.700.v20200207-2156.jar -configuration c:\Users\Eric Dao\.vscode\extensions\redhat.java-0.57.0\server\config_win -data c:\Users\Eric Dao\AppData\Roaming\Code\User\workspaceStorage\77733df54a40ef82e01ac8144fe2481a\redhat.java\jdt_ws

Host: AMD Ryzen 5 1600 Six-Core Processor            , 12 cores, 7G,  Windows 10 , 64 bit Build 18362 (10.0.18362.329)
Time: Sun Mar  1 18:23:04 2020 Pacific Standard Time elapsed time: 3137 seconds (0d 0h 52m 17s)

---------------  T H R E A D  ---------------

Current thread (0x00000213c065a800):  JavaThread "C2 CompilerThread0" daemon [_thread_in_native, id=11868, stack(0x000000f729600000,0x000000f729700000)]


Current CompileTask:
C2:3137006 20002       4       com.google.gson.internal.bind.ObjectTypeAdapter::read (174 bytes)

Stack: [0x000000f729600000,0x000000f729700000]
Native frames: (J=compiled Java code, j=interpreted, Vv=VM code, C=native code)
V  [jvm.dll+0x5db25a]
V  [jvm.dll+0x7111de]
V  [jvm.dll+0x712877]
V  [jvm.dll+0x712f43]
V  [jvm.dll+0x23fe78]
V  [jvm.dll+0xb8f0c]
V  [jvm.dll+0xb949c]
V  [jvm.dll+0x2af924]
V  [jvm.dll+0x4fc57f]
V  [jvm.dll+0x1fbe74]
V  [jvm.dll+0x1f8ddf]
V  [jvm.dll+0x17d96c]
V  [jvm.dll+0x2080b7]
V  [jvm.dll+0x20639b]
V  [jvm.dll+0x6d70bc]
V  [jvm.dll+0x6d01ec]
V  [jvm.dll+0x5da1e6]
C  [ucrtbase.dll+0x20e72]
C  [KERNEL32.DLL+0x17bd4]
C  [ntdll.dll+0x6ced1]


---------------  P R O C E S S  ---------------

Threads class SMR info:
_java_thread_list=0x00000213d4777850, length=36, elements={
0x00000213a380b800, 0x00000213c062f800, 0x00000213c0eb3800, 0x00000213c064d000,
0x00000213c064f000, 0x00000213c065a800, 0x00000213c065c800, 0x00000213c0661800,
0x00000213c105e800, 0x00000213c1224000, 0x00000213c1b2d000, 0x00000213c185e000,
0x00000213c185e800, 0x00000213c270e800, 0x00000213c16e2800, 0x00000213c2d90000,
0x00000213c4a3b800, 0x00000213c4a41000, 0x00000213c4a3f800, 0x00000213c4a42000,
0x00000213c4b0f000, 0x00000213c4853800, 0x00000213c484d800, 0x00000213c4a40000,
0x00000213c2213800, 0x00000213c2212800, 0x00000213c220f800, 0x00000213c220b000,
0x00000213c2208800, 0x00000213c220d800, 0x00000213c2209800, 0x00000213c2216000,
0x00000213c4850000, 0x00000213c4854800, 0x00000213c4852800, 0x00000213c484f800
}

Java Threads: ( => current thread )
  0x00000213a380b800 JavaThread "main" [_thread_blocked, id=3952, stack(0x000000f728a00000,0x000000f728b00000)]
  0x00000213c062f800 JavaThread "Reference Handler" daemon [_thread_blocked, id=4148, stack(0x000000f729200000,0x000000f729300000)]
  0x00000213c0eb3800 JavaThread "Finalizer" daemon [_thread_blocked, id=12984, stack(0x000000f729300000,0x000000f729400000)]
  0x00000213c064d000 JavaThread "Signal Dispatcher" daemon [_thread_blocked, id=14636, stack(0x000000f729400000,0x000000f729500000)]
  0x00000213c064f000 JavaThread "Attach Listener" daemon [_thread_blocked, id=14632, stack(0x000000f729500000,0x000000f729600000)]
=>0x00000213c065a800 JavaThread "C2 CompilerThread0" daemon [_thread_in_native, id=11868, stack(0x000000f729600000,0x000000f729700000)]
  0x00000213c065c800 JavaThread "C1 CompilerThread0" daemon [_thread_blocked, id=14524, stack(0x000000f729700000,0x000000f729800000)]
  0x00000213c0661800 JavaThread "Sweeper thread" daemon [_thread_blocked, id=14364, stack(0x000000f729800000,0x000000f729900000)]
  0x00000213c105e800 JavaThread "Common-Cleaner" daemon [_thread_blocked, id=14892, stack(0x000000f729900000,0x000000f729a00000)]
  0x00000213c1224000 JavaThread "Service Thread" daemon [_thread_blocked, id=5832, stack(0x000000f729b00000,0x000000f729c00000)]
  0x00000213c1b2d000 JavaThread "Active Thread: Equinox Container: 5c616e9b-a59f-45a8-a88e-a88594e92137" [_thread_blocked, id=15184, stack(0x000000f729e00000,0x000000f729f00000)]
  0x00000213c185e000 JavaThread "Framework Event Dispatcher: Equinox Container: 5c616e9b-a59f-45a8-a88e-a88594e92137" daemon [_thread_blocked, id=6636, stack(0x000000f729a00000,0x000000f729b00000)]
  0x00000213c185e800 JavaThread "Start Level: Equinox Container: 5c616e9b-a59f-45a8-a88e-a88594e92137" daemon [_thread_blocked, id=6628, stack(0x000000f729d00000,0x000000f729e00000)]
  0x00000213c270e800 JavaThread "Worker-JM" [_thread_blocked, id=7200, stack(0x000000f72a200000,0x000000f72a300000)]
  0x00000213c16e2800 JavaThread "Java indexing" daemon [_thread_blocked, id=3540, stack(0x000000f72a300000,0x000000f72a400000)]
  0x00000213c2d90000 JavaThread "pool-1-thread-1" [_thread_in_native, id=4844, stack(0x000000f72af00000,0x000000f72b000000)]
  0x00000213c4a3b800 JavaThread "Bundle File Closer" daemon [_thread_blocked, id=1604, stack(0x000000f72b400000,0x000000f72b500000)]
  0x00000213c4a41000 JavaThread "ForkJoinPool.commonPool-worker-23" daemon [_thread_blocked, id=12048, stack(0x000000f72b100000,0x000000f72b200000)]
  0x00000213c4a3f800 JavaThread "ForkJoinPool.commonPool-worker-27" daemon [_thread_blocked, id=12764, stack(0x000000f72b800000,0x000000f72b900000)]
  0x00000213c4a42000 JavaThread "Java Debug Server" daemon [_thread_in_native, id=11484, stack(0x000000f72c200000,0x000000f72c300000)]
  0x00000213c4b0f000 JavaThread "RxSchedulerPurge-1" daemon [_thread_blocked, id=10176, stack(0x000000f72c400000,0x000000f72c500000)]
  0x00000213c4853800 JavaThread "RxCachedWorkerPoolEvictor-1" daemon [_thread_blocked, id=11412, stack(0x000000f72c500000,0x000000f72c600000)]
  0x00000213c484d800 JavaThread "ForkJoinPool.commonPool-worker-31" daemon [_thread_blocked, id=1880, stack(0x000000f728700000,0x000000f728800000)]
  0x00000213c4a40000 JavaThread "ForkJoinPool.commonPool-worker-7" daemon [_thread_blocked, id=1820, stack(0x000000f72c600000,0x000000f72c700000)]
  0x00000213c2213800 JavaThread "ForkJoinPool.commonPool-worker-29" daemon [_thread_blocked, id=17420, stack(0x000000f72c700000,0x000000f72c800000)]
  0x00000213c2212800 JavaThread "ForkJoinPool.commonPool-worker-1" daemon [_thread_blocked, id=8780, stack(0x000000f72b000000,0x000000f72b100000)]
  0x00000213c220f800 JavaThread "ForkJoinPool.commonPool-worker-21" daemon [_thread_blocked, id=20780, stack(0x000000f72b200000,0x000000f72b300000)]
  0x00000213c220b000 JavaThread "Worker-25" [_thread_blocked, id=19716, stack(0x000000f728800000,0x000000f728900000)]
  0x00000213c2208800 JavaThread "ForkJoinPool.commonPool-worker-5" daemon [_thread_blocked, id=7672, stack(0x000000f72a400000,0x000000f72a500000)]
  0x00000213c220d800 JavaThread "ForkJoinPool.commonPool-worker-25" daemon [_thread_blocked, id=19792, stack(0x000000f72a500000,0x000000f72a600000)]
  0x00000213c2209800 JavaThread "Worker-26" [_thread_blocked, id=14212, stack(0x000000f72b300000,0x000000f72b400000)]
  0x00000213c2216000 JavaThread "ForkJoinPool.commonPool-worker-9" daemon [_thread_blocked, id=19536, stack(0x000000f72ba00000,0x000000f72bb00000)]
  0x00000213c4850000 JavaThread "Worker-28" [_thread_blocked, id=19184, stack(0x000000f72ae00000,0x000000f72af00000)]
  0x00000213c4854800 JavaThread "Worker-29" [_thread_blocked, id=3580, stack(0x000000f72b500000,0x000000f72b600000)]
  0x00000213c4852800 JavaThread "Worker-30" [_thread_blocked, id=14124, stack(0x000000f72b700000,0x000000f72b800000)]
  0x00000213c484f800 JavaThread "pool-2-thread-23" [_thread_blocked, id=17404, stack(0x000000f728900000,0x000000f728a00000)]

Other Threads:
  0x00000213c062c000 VMThread "VM Thread" [stack: 0x000000f729100000,0x000000f729200000] [id=3452]
  0x00000213c1258000 WatcherThread [stack: 0x000000f729c00000,0x000000f729d00000] [id=15120]
  0x00000213a3827000 GCTaskThread "GC Thread#0" [stack: 0x000000f728b00000,0x000000f728c00000] [id=4188]
  0x00000213c1f00000 GCTaskThread "GC Thread#1" [stack: 0x000000f729f00000,0x000000f72a000000] [id=15192]
  0x00000213c1efa800 GCTaskThread "GC Thread#2" [stack: 0x000000f72a000000,0x000000f72a100000] [id=6716]
  0x00000213c1efb800 GCTaskThread "GC Thread#3" [stack: 0x000000f72a100000,0x000000f72a200000] [id=13092]
  0x00000213c2639800 GCTaskThread "GC Thread#4" [stack: 0x000000f72a600000,0x000000f72a700000] [id=13556]
  0x00000213c2751800 GCTaskThread "GC Thread#5" [stack: 0x000000f72a700000,0x000000f72a800000] [id=816]
  0x00000213c1a1c800 GCTaskThread "GC Thread#6" [stack: 0x000000f72a800000,0x000000f72a900000] [id=808]
  0x00000213c27aa800 GCTaskThread "GC Thread#7" [stack: 0x000000f72a900000,0x000000f72aa00000] [id=13568]
  0x00000213c27c5800 GCTaskThread "GC Thread#8" [stack: 0x000000f72aa00000,0x000000f72ab00000] [id=13552]
  0x00000213c27c6000 GCTaskThread "GC Thread#9" [stack: 0x000000f72ab00000,0x000000f72ac00000] [id=14296]
  0x00000213a3843800 ConcurrentGCThread "G1 Main Marker" [stack: 0x000000f728c00000,0x000000f728d00000] [id=3972]
  0x00000213a3846800 ConcurrentGCThread "G1 Conc#0" [stack: 0x000000f728d00000,0x000000f728e00000] [id=4028]
  0x00000213c2525000 ConcurrentGCThread "G1 Conc#1" [stack: 0x000000f72ac00000,0x000000f72ad00000] [id=14292]
  0x00000213c2547800 ConcurrentGCThread "G1 Conc#2" [stack: 0x000000f72ad00000,0x000000f72ae00000] [id=7808]
  0x00000213c0481800 ConcurrentGCThread "G1 Refine#0" [stack: 0x000000f728e00000,0x000000f728f00000] [id=15020]
  0x00000213cfc38800 ConcurrentGCThread "G1 Refine#1" [stack: 0x000000f72bb00000,0x000000f72bc00000] [id=9236]
  0x00000213cfb8a800 ConcurrentGCThread "G1 Refine#2" [stack: 0x000000f72bc00000,0x000000f72bd00000] [id=9860]
  0x00000213d0037000 ConcurrentGCThread "G1 Refine#3" [stack: 0x000000f72b600000,0x000000f72b700000] [id=6272]
  0x00000213c66c3800 ConcurrentGCThread "G1 Refine#4" [stack: 0x000000f72bd00000,0x000000f72be00000] [id=8408]
  0x00000213c649c800 ConcurrentGCThread "G1 Refine#5" [stack: 0x000000f72be00000,0x000000f72bf00000] [id=7444]
  0x00000213d1637800 ConcurrentGCThread "G1 Refine#6" [stack: 0x000000f72bf00000,0x000000f72c000000] [id=13928]
  0x00000213cfcaf800 ConcurrentGCThread "G1 Refine#7" [stack: 0x000000f72c000000,0x000000f72c100000] [id=7912]
  0x00000213a38dd000 ConcurrentGCThread "G1 Young RemSet Sampling" [stack: 0x000000f728f00000,0x000000f729000000] [id=3468]
  0x00000213c0488000 ConcurrentGCThread "StrDedup" [stack: 0x000000f729000000,0x000000f729100000] [id=3332]

Threads with active compile tasks:
C2 CompilerThread03137027 20002       4       com.google.gson.internal.bind.ObjectTypeAdapter::read (174 bytes)

VM state:not at safepoint (normal execution)

VM Mutex/Monitor currently owned by a thread: None

Heap address: 0x00000000c0000000, size: 1024 MB, Compressed Oops mode: 32-bit
Narrow klass base: 0x0000000000000000, Narrow klass shift: 3
Compressed class space size: 1073741824 Address: 0x0000000100000000

Heap:
 garbage-first heap   total 278528K, used 175341K [0x00000000c0000000, 0x0000000100000000)
  region size 1024K, 90 young (92160K), 2 survivors (2048K)
 Metaspace       used 77945K, capacity 81080K, committed 81456K, reserved 1122304K
  class space    used 7094K, capacity 8252K, committed 8320K, reserved 1048576K
Heap Regions: E=young(eden), S=young(survivor), O=old, HS=humongous(starts), HC=humongous(continues), CS=collection set, F=free, A=archive, TAMS=top-at-mark-start (previous, next)
|   0|0x00000000c0000000, 0x00000000c0100000, 0x00000000c0100000|100%| O|  |TAMS 0x00000000c0100000, 0x00000000c0000000| Untracked 
|   1|0x00000000c0100000, 0x00000000c0200000, 0x00000000c0200000|100%| O|  |TAMS 0x00000000c0200000, 0x00000000c0100000| Untracked 
|   2|0x00000000c0200000, 0x00000000c0300000, 0x00000000c0300000|100%| O|  |TAMS 0x00000000c0300000, 0x00000000c0200000| Untracked 
|   3|0x00000000c0300000, 0x00000000c0400000, 0x00000000c0400000|100%| O|  |TAMS 0x00000000c0400000, 0x00000000c0300000| Untracked 
|   4|0x00000000c0400000, 0x00000000c0500000, 0x00000000c0500000|100%| O|  |TAMS 0x00000000c0500000, 0x00000000c0400000| Untracked 
|   5|0x00000000c0500000, 0x00000000c0600000, 0x00000000c0600000|100%| O|  |TAMS 0x00000000c0600000, 0x00000000c0500000| Untracked 
|   6|0x00000000c0600000, 0x00000000c0700000, 0x00000000c0700000|100%| O|  |TAMS 0x00000000c0700000, 0x00000000c0600000| Untracked 
|   7|0x00000000c0700000, 0x00000000c0800000, 0x00000000c0800000|100%| O|  |TAMS 0x00000000c0800000, 0x00000000c0700000| Untracked 
|   8|0x00000000c0800000, 0x00000000c0900000, 0x00000000c0900000|100%| O|  |TAMS 0x00000000c0900000, 0x00000000c0800000| Untracked 
|   9|0x00000000c0900000, 0x00000000c0a00000, 0x00000000c0a00000|100%| O|  |TAMS 0x00000000c0a00000, 0x00000000c0900000| Untracked 
|  10|0x00000000c0a00000, 0x00000000c0b00000, 0x00000000c0b00000|100%| O|  |TAMS 0x00000000c0b00000, 0x00000000c0a00000| Untracked 
|  11|0x00000000c0b00000, 0x00000000c0c00000, 0x00000000c0c00000|100%| O|  |TAMS 0x00000000c0c00000, 0x00000000c0b00000| Untracked 
|  12|0x00000000c0c00000, 0x00000000c0d00000, 0x00000000c0d00000|100%| O|  |TAMS 0x00000000c0d00000, 0x00000000c0c00000| Untracked 
|  13|0x00000000c0d00000, 0x00000000c0e00000, 0x00000000c0e00000|100%| O|  |TAMS 0x00000000c0e00000, 0x00000000c0d00000| Untracked 
|  14|0x00000000c0e00000, 0x00000000c0f00000, 0x00000000c0f00000|100%| O|  |TAMS 0x00000000c0f00000, 0x00000000c0e00000| Untracked 
|  15|0x00000000c0f00000, 0x00000000c1000000, 0x00000000c1000000|100%| O|  |TAMS 0x00000000c1000000, 0x00000000c0f00000| Untracked 
|  16|0x00000000c1000000, 0x00000000c1100000, 0x00000000c1100000|100%|HS|  |TAMS 0x00000000c1100000, 0x00000000c1000000| Complete 
|  17|0x00000000c1100000, 0x00000000c1200000, 0x00000000c1200000|100%| O|  |TAMS 0x00000000c1200000, 0x00000000c1100000| Untracked 
|  18|0x00000000c1200000, 0x00000000c1300000, 0x00000000c1300000|100%| O|  |TAMS 0x00000000c1300000, 0x00000000c1200000| Untracked 
|  19|0x00000000c1300000, 0x00000000c1400000, 0x00000000c1400000|100%| O|  |TAMS 0x00000000c1400000, 0x00000000c1300000| Untracked 
|  20|0x00000000c1400000, 0x00000000c1500000, 0x00000000c1500000|100%| O|  |TAMS 0x00000000c1500000, 0x00000000c1400000| Untracked 
|  21|0x00000000c1500000, 0x00000000c1600000, 0x00000000c1600000|100%| O|  |TAMS 0x00000000c1600000, 0x00000000c1500000| Untracked 
|  22|0x00000000c1600000, 0x00000000c1700000, 0x00000000c1700000|100%| O|  |TAMS 0x00000000c1700000, 0x00000000c1600000| Untracked 
|  23|0x00000000c1700000, 0x00000000c1800000, 0x00000000c1800000|100%| O|  |TAMS 0x00000000c1800000, 0x00000000c1700000| Untracked 
|  24|0x00000000c1800000, 0x00000000c1900000, 0x00000000c1900000|100%| O|  |TAMS 0x00000000c1900000, 0x00000000c1800000| Untracked 
|  25|0x00000000c1900000, 0x00000000c1a00000, 0x00000000c1a00000|100%| O|  |TAMS 0x00000000c1a00000, 0x00000000c1900000| Untracked 
|  26|0x00000000c1a00000, 0x00000000c1b00000, 0x00000000c1b00000|100%| O|  |TAMS 0x00000000c1b00000, 0x00000000c1a00000| Untracked 
|  27|0x00000000c1b00000, 0x00000000c1c00000, 0x00000000c1c00000|100%| O|  |TAMS 0x00000000c1c00000, 0x00000000c1b00000| Untracked 
|  28|0x00000000c1c00000, 0x00000000c1d00000, 0x00000000c1d00000|100%| O|  |TAMS 0x00000000c1d00000, 0x00000000c1c00000| Untracked 
|  29|0x00000000c1d00000, 0x00000000c1e00000, 0x00000000c1e00000|100%| O|  |TAMS 0x00000000c1e00000, 0x00000000c1d00000| Untracked 
|  30|0x00000000c1e00000, 0x00000000c1f00000, 0x00000000c1f00000|100%| O|  |TAMS 0x00000000c1f00000, 0x00000000c1e00000| Untracked 
|  31|0x00000000c1f00000, 0x00000000c2000000, 0x00000000c2000000|100%| O|  |TAMS 0x00000000c2000000, 0x00000000c1f00000| Untracked 
|  32|0x00000000c2000000, 0x00000000c2100000, 0x00000000c2100000|100%| O|  |TAMS 0x00000000c2100000, 0x00000000c2000000| Untracked 
|  33|0x00000000c2100000, 0x00000000c2200000, 0x00000000c2200000|100%| O|  |TAMS 0x00000000c2200000, 0x00000000c2100000| Untracked 
|  34|0x00000000c2200000, 0x00000000c2300000, 0x00000000c2300000|100%| O|  |TAMS 0x00000000c2300000, 0x00000000c2200000| Untracked 
|  35|0x00000000c2300000, 0x00000000c2400000, 0x00000000c2400000|100%| O|  |TAMS 0x00000000c2400000, 0x00000000c2300000| Untracked 
|  36|0x00000000c2400000, 0x00000000c2500000, 0x00000000c2500000|100%|HS|  |TAMS 0x00000000c2500000, 0x00000000c2400000| Complete 
|  37|0x00000000c2500000, 0x00000000c2600000, 0x00000000c2600000|100%| O|  |TAMS 0x00000000c2600000, 0x00000000c2500000| Untracked 
|  38|0x00000000c2600000, 0x00000000c2700000, 0x00000000c2700000|100%| O|  |TAMS 0x00000000c2700000, 0x00000000c2600000| Untracked 
|  39|0x00000000c2700000, 0x00000000c2800000, 0x00000000c2800000|100%| O|  |TAMS 0x00000000c2800000, 0x00000000c2700000| Untracked 
|  40|0x00000000c2800000, 0x00000000c2900000, 0x00000000c2900000|100%| O|  |TAMS 0x00000000c2900000, 0x00000000c2800000| Untracked 
|  41|0x00000000c2900000, 0x00000000c2a00000, 0x00000000c2a00000|100%| O|  |TAMS 0x00000000c2a00000, 0x00000000c2900000| Untracked 
|  42|0x00000000c2a00000, 0x00000000c2b00000, 0x00000000c2b00000|100%| O|  |TAMS 0x00000000c2b00000, 0x00000000c2a00000| Untracked 
|  43|0x00000000c2b00000, 0x00000000c2bf2000, 0x00000000c2c00000| 94%| O|  |TAMS 0x00000000c2bf2000, 0x00000000c2b00000| Untracked 
|  44|0x00000000c2c00000, 0x00000000c2d00000, 0x00000000c2d00000|100%| O|  |TAMS 0x00000000c2d00000, 0x00000000c2c00000| Untracked 
|  45|0x00000000c2d00000, 0x00000000c2d00000, 0x00000000c2e00000|  0%| F|  |TAMS 0x00000000c2d00000, 0x00000000c2d00000| Untracked 
|  46|0x00000000c2e00000, 0x00000000c2f00000, 0x00000000c2f00000|100%| O|  |TAMS 0x00000000c2f00000, 0x00000000c2e00000| Untracked 
|  47|0x00000000c2f00000, 0x00000000c3000000, 0x00000000c3000000|100%| O|  |TAMS 0x00000000c3000000, 0x00000000c2f00000| Untracked 
|  48|0x00000000c3000000, 0x00000000c3100000, 0x00000000c3100000|100%| O|  |TAMS 0x00000000c3100000, 0x00000000c3000000| Untracked 
|  49|0x00000000c3100000, 0x00000000c3200000, 0x00000000c3200000|100%| O|  |TAMS 0x00000000c3200000, 0x00000000c3100000| Untracked 
|  50|0x00000000c3200000, 0x00000000c3300000, 0x00000000c3300000|100%| O|  |TAMS 0x00000000c3300000, 0x00000000c3200000| Untracked 
|  51|0x00000000c3300000, 0x00000000c3400000, 0x00000000c3400000|100%| O|  |TAMS 0x00000000c3400000, 0x00000000c3300000| Untracked 
|  52|0x00000000c3400000, 0x00000000c3500000, 0x00000000c3500000|100%| O|  |TAMS 0x00000000c3500000, 0x00000000c3400000| Untracked 
|  53|0x00000000c3500000, 0x00000000c3600000, 0x00000000c3600000|100%| O|  |TAMS 0x00000000c3600000, 0x00000000c3500000| Untracked 
|  54|0x00000000c3600000, 0x00000000c3600000, 0x00000000c3700000|  0%| F|  |TAMS 0x00000000c3600000, 0x00000000c3600000| Untracked 
|  55|0x00000000c3700000, 0x00000000c3800000, 0x00000000c3800000|100%| O|  |TAMS 0x00000000c3800000, 0x00000000c3700000| Untracked 
|  56|0x00000000c3800000, 0x00000000c3800000, 0x00000000c3900000|  0%| F|  |TAMS 0x00000000c3800000, 0x00000000c3800000| Untracked 
|  57|0x00000000c3900000, 0x00000000c3a00000, 0x00000000c3a00000|100%| O|  |TAMS 0x00000000c3a00000, 0x00000000c3900000| Untracked 
|  58|0x00000000c3a00000, 0x00000000c3b00000, 0x00000000c3b00000|100%| O|  |TAMS 0x00000000c3b00000, 0x00000000c3a00000| Untracked 
|  59|0x00000000c3b00000, 0x00000000c3c00000, 0x00000000c3c00000|100%| O|  |TAMS 0x00000000c3c00000, 0x00000000c3b00000| Untracked 
|  60|0x00000000c3c00000, 0x00000000c3c00000, 0x00000000c3d00000|  0%| F|  |TAMS 0x00000000c3c00000, 0x00000000c3c00000| Untracked 
|  61|0x00000000c3d00000, 0x00000000c3e00000, 0x00000000c3e00000|100%| O|  |TAMS 0x00000000c3e00000, 0x00000000c3d00000| Untracked 
|  62|0x00000000c3e00000, 0x00000000c3f00000, 0x00000000c3f00000|100%| O|  |TAMS 0x00000000c3f00000, 0x00000000c3e00000| Untracked 
|  63|0x00000000c3f00000, 0x00000000c4000000, 0x00000000c4000000|100%| O|  |TAMS 0x00000000c4000000, 0x00000000c3f00000| Untracked 
|  64|0x00000000c4000000, 0x00000000c4100000, 0x00000000c4100000|100%| O|  |TAMS 0x00000000c4100000, 0x00000000c4000000| Untracked 
|  65|0x00000000c4100000, 0x00000000c4200000, 0x00000000c4200000|100%| O|  |TAMS 0x00000000c4200000, 0x00000000c4100000| Untracked 
|  66|0x00000000c4200000, 0x00000000c4300000, 0x00000000c4300000|100%| O|  |TAMS 0x00000000c4300000, 0x00000000c4200000| Untracked 
|  67|0x00000000c4300000, 0x00000000c4400000, 0x00000000c4400000|100%| O|  |TAMS 0x00000000c4400000, 0x00000000c4300000| Untracked 
|  68|0x00000000c4400000, 0x00000000c4500000, 0x00000000c4500000|100%| O|  |TAMS 0x00000000c4500000, 0x00000000c4400000| Untracked 
|  69|0x00000000c4500000, 0x00000000c4600000, 0x00000000c4600000|100%| O|  |TAMS 0x00000000c4600000, 0x00000000c4500000| Untracked 
|  70|0x00000000c4600000, 0x00000000c4700000, 0x00000000c4700000|100%| O|  |TAMS 0x00000000c4700000, 0x00000000c4600000| Untracked 
|  71|0x00000000c4700000, 0x00000000c4800000, 0x00000000c4800000|100%| O|  |TAMS 0x00000000c4800000, 0x00000000c4700000| Untracked 
|  72|0x00000000c4800000, 0x00000000c4800000, 0x00000000c4900000|  0%| F|  |TAMS 0x00000000c4800000, 0x00000000c4800000| Untracked 
|  73|0x00000000c4900000, 0x00000000c4900000, 0x00000000c4a00000|  0%| F|  |TAMS 0x00000000c4900000, 0x00000000c4900000| Untracked 
|  74|0x00000000c4a00000, 0x00000000c4a00000, 0x00000000c4b00000|  0%| F|  |TAMS 0x00000000c4a00000, 0x00000000c4a00000| Untracked 
|  75|0x00000000c4b00000, 0x00000000c4b00000, 0x00000000c4c00000|  0%| F|  |TAMS 0x00000000c4b00000, 0x00000000c4b00000| Untracked 
|  76|0x00000000c4c00000, 0x00000000c4c00000, 0x00000000c4d00000|  0%| F|  |TAMS 0x00000000c4c00000, 0x00000000c4c00000| Untracked 
|  77|0x00000000c4d00000, 0x00000000c4d00000, 0x00000000c4e00000|  0%| F|  |TAMS 0x00000000c4d00000, 0x00000000c4d00000| Untracked 
|  78|0x00000000c4e00000, 0x00000000c4e00000, 0x00000000c4f00000|  0%| F|  |TAMS 0x00000000c4e00000, 0x00000000c4e00000| Untracked 
|  79|0x00000000c4f00000, 0x00000000c4f00000, 0x00000000c5000000|  0%| F|  |TAMS 0x00000000c4f00000, 0x00000000c4f00000| Untracked 
|  80|0x00000000c5000000, 0x00000000c5000000, 0x00000000c5100000|  0%| F|  |TAMS 0x00000000c5000000, 0x00000000c5000000| Untracked 
|  81|0x00000000c5100000, 0x00000000c5100000, 0x00000000c5200000|  0%| F|  |TAMS 0x00000000c5100000, 0x00000000c5100000| Untracked 
|  82|0x00000000c5200000, 0x00000000c5200000, 0x00000000c5300000|  0%| F|  |TAMS 0x00000000c5200000, 0x00000000c5200000| Untracked 
|  83|0x00000000c5300000, 0x00000000c5300000, 0x00000000c5400000|  0%| F|  |TAMS 0x00000000c5300000, 0x00000000c5300000| Untracked 
|  84|0x00000000c5400000, 0x00000000c5400000, 0x00000000c5500000|  0%| F|  |TAMS 0x00000000c5400000, 0x00000000c5400000| Untracked 
|  85|0x00000000c5500000, 0x00000000c5500000, 0x00000000c5600000|  0%| F|  |TAMS 0x00000000c5500000, 0x00000000c5500000| Untracked 
|  86|0x00000000c5600000, 0x00000000c5600000, 0x00000000c5700000|  0%| F|  |TAMS 0x00000000c5600000, 0x00000000c5600000| Untracked 
|  87|0x00000000c5700000, 0x00000000c5700000, 0x00000000c5800000|  0%| F|  |TAMS 0x00000000c5700000, 0x00000000c5700000| Untracked 
|  88|0x00000000c5800000, 0x00000000c5800000, 0x00000000c5900000|  0%| F|  |TAMS 0x00000000c5800000, 0x00000000c5800000| Untracked 
|  89|0x00000000c5900000, 0x00000000c5900000, 0x00000000c5a00000|  0%| F|  |TAMS 0x00000000c5900000, 0x00000000c5900000| Untracked 
|  90|0x00000000c5a00000, 0x00000000c5a00000, 0x00000000c5b00000|  0%| F|  |TAMS 0x00000000c5a00000, 0x00000000c5a00000| Untracked 
|  91|0x00000000c5b00000, 0x00000000c5b00000, 0x00000000c5c00000|  0%| F|  |TAMS 0x00000000c5b00000, 0x00000000c5b00000| Untracked 
|  92|0x00000000c5c00000, 0x00000000c5c00000, 0x00000000c5d00000|  0%| F|  |TAMS 0x00000000c5c00000, 0x00000000c5c00000| Untracked 
|  93|0x00000000c5d00000, 0x00000000c5d00000, 0x00000000c5e00000|  0%| F|  |TAMS 0x00000000c5d00000, 0x00000000c5d00000| Untracked 
|  94|0x00000000c5e00000, 0x00000000c5e00000, 0x00000000c5f00000|  0%| F|  |TAMS 0x00000000c5e00000, 0x00000000c5e00000| Untracked 
|  95|0x00000000c5f00000, 0x00000000c5f00000, 0x00000000c6000000|  0%| F|  |TAMS 0x00000000c5f00000, 0x00000000c5f00000| Untracked 
|  96|0x00000000c6000000, 0x00000000c6000000, 0x00000000c6100000|  0%| F|  |TAMS 0x00000000c6000000, 0x00000000c6000000| Untracked 
|  97|0x00000000c6100000, 0x00000000c6100000, 0x00000000c6200000|  0%| F|  |TAMS 0x00000000c6100000, 0x00000000c6100000| Untracked 
|  98|0x00000000c6200000, 0x00000000c6200000, 0x00000000c6300000|  0%| F|  |TAMS 0x00000000c6200000, 0x00000000c6200000| Untracked 
|  99|0x00000000c6300000, 0x00000000c6300000, 0x00000000c6400000|  0%| F|  |TAMS 0x00000000c6300000, 0x00000000c6300000| Untracked 
| 100|0x00000000c6400000, 0x00000000c6400000, 0x00000000c6500000|  0%| F|  |TAMS 0x00000000c6400000, 0x00000000c6400000| Untracked 
| 101|0x00000000c6500000, 0x00000000c6500000, 0x00000000c6600000|  0%| F|  |TAMS 0x00000000c6500000, 0x00000000c6500000| Untracked 
| 102|0x00000000c6600000, 0x00000000c6649450, 0x00000000c6700000| 28%| S|CS|TAMS 0x00000000c6600000, 0x00000000c6600000| Complete 
| 103|0x00000000c6700000, 0x00000000c6800000, 0x00000000c6800000|100%| S|CS|TAMS 0x00000000c6700000, 0x00000000c6700000| Complete 
| 104|0x00000000c6800000, 0x00000000c6800000, 0x00000000c6900000|  0%| F|  |TAMS 0x00000000c6800000, 0x00000000c6800000| Untracked 
| 105|0x00000000c6900000, 0x00000000c6900000, 0x00000000c6a00000|  0%| F|  |TAMS 0x00000000c6900000, 0x00000000c6900000| Untracked 
| 106|0x00000000c6a00000, 0x00000000c6a00000, 0x00000000c6b00000|  0%| F|  |TAMS 0x00000000c6a00000, 0x00000000c6a00000| Untracked 
| 107|0x00000000c6b00000, 0x00000000c6b00000, 0x00000000c6c00000|  0%| F|  |TAMS 0x00000000c6b00000, 0x00000000c6b00000| Untracked 
| 108|0x00000000c6c00000, 0x00000000c6c00000, 0x00000000c6d00000|  0%| F|  |TAMS 0x00000000c6c00000, 0x00000000c6c00000| Untracked 
| 109|0x00000000c6d00000, 0x00000000c6d00000, 0x00000000c6e00000|  0%| F|  |TAMS 0x00000000c6d00000, 0x00000000c6d00000| Untracked 
| 110|0x00000000c6e00000, 0x00000000c6e00000, 0x00000000c6f00000|  0%| F|  |TAMS 0x00000000c6e00000, 0x00000000c6e00000| Untracked 
| 111|0x00000000c6f00000, 0x00000000c6f00000, 0x00000000c7000000|  0%| F|  |TAMS 0x00000000c6f00000, 0x00000000c6f00000| Untracked 
| 112|0x00000000c7000000, 0x00000000c7000000, 0x00000000c7100000|  0%| F|  |TAMS 0x00000000c7000000, 0x00000000c7000000| Untracked 
| 113|0x00000000c7100000, 0x00000000c7100000, 0x00000000c7200000|  0%| F|  |TAMS 0x00000000c7100000, 0x00000000c7100000| Untracked 
| 114|0x00000000c7200000, 0x00000000c7200000, 0x00000000c7300000|  0%| F|  |TAMS 0x00000000c7200000, 0x00000000c7200000| Untracked 
| 115|0x00000000c7300000, 0x00000000c7300000, 0x00000000c7400000|  0%| F|  |TAMS 0x00000000c7300000, 0x00000000c7300000| Untracked 
| 116|0x00000000c7400000, 0x00000000c7400000, 0x00000000c7500000|  0%| F|  |TAMS 0x00000000c7400000, 0x00000000c7400000| Untracked 
| 117|0x00000000c7500000, 0x00000000c7500000, 0x00000000c7600000|  0%| F|  |TAMS 0x00000000c7500000, 0x00000000c7500000| Untracked 
| 118|0x00000000c7600000, 0x00000000c7600000, 0x00000000c7700000|  0%| F|  |TAMS 0x00000000c7600000, 0x00000000c7600000| Untracked 
| 119|0x00000000c7700000, 0x00000000c7700000, 0x00000000c7800000|  0%| F|  |TAMS 0x00000000c7700000, 0x00000000c7700000| Untracked 
| 120|0x00000000c7800000, 0x00000000c7800000, 0x00000000c7900000|  0%| F|  |TAMS 0x00000000c7800000, 0x00000000c7800000| Untracked 
| 121|0x00000000c7900000, 0x00000000c7900000, 0x00000000c7a00000|  0%| F|  |TAMS 0x00000000c7900000, 0x00000000c7900000| Untracked 
| 122|0x00000000c7a00000, 0x00000000c7a00000, 0x00000000c7b00000|  0%| F|  |TAMS 0x00000000c7a00000, 0x00000000c7a00000| Untracked 
| 123|0x00000000c7b00000, 0x00000000c7b00000, 0x00000000c7c00000|  0%| F|  |TAMS 0x00000000c7b00000, 0x00000000c7b00000| Untracked 
| 124|0x00000000c7c00000, 0x00000000c7c00000, 0x00000000c7d00000|  0%| F|  |TAMS 0x00000000c7c00000, 0x00000000c7c00000| Untracked 
| 125|0x00000000c7d00000, 0x00000000c7d00000, 0x00000000c7e00000|  0%| F|  |TAMS 0x00000000c7d00000, 0x00000000c7d00000| Untracked 
| 126|0x00000000c7e00000, 0x00000000c7e00000, 0x00000000c7f00000|  0%| F|  |TAMS 0x00000000c7e00000, 0x00000000c7e00000| Untracked 
| 127|0x00000000c7f00000, 0x00000000c7f00000, 0x00000000c8000000|  0%| F|  |TAMS 0x00000000c7f00000, 0x00000000c7f00000| Untracked 
| 128|0x00000000c8000000, 0x00000000c8000000, 0x00000000c8100000|  0%| F|  |TAMS 0x00000000c8000000, 0x00000000c8000000| Untracked 
| 129|0x00000000c8100000, 0x00000000c8200000, 0x00000000c8200000|100%| O|  |TAMS 0x00000000c8200000, 0x00000000c8100000| Untracked 
| 130|0x00000000c8200000, 0x00000000c8300000, 0x00000000c8300000|100%| O|  |TAMS 0x00000000c8300000, 0x00000000c8200000| Untracked 
| 131|0x00000000c8300000, 0x00000000c8300000, 0x00000000c8400000|  0%| F|  |TAMS 0x00000000c8300000, 0x00000000c8300000| Untracked 
| 132|0x00000000c8400000, 0x00000000c8400000, 0x00000000c8500000|  0%| F|  |TAMS 0x00000000c8400000, 0x00000000c8400000| Untracked 
| 133|0x00000000c8500000, 0x00000000c8500000, 0x00000000c8600000|  0%| F|  |TAMS 0x00000000c8500000, 0x00000000c8500000| Untracked 
| 134|0x00000000c8600000, 0x00000000c8600000, 0x00000000c8700000|  0%| F|  |TAMS 0x00000000c8600000, 0x00000000c8600000| Untracked 
| 135|0x00000000c8700000, 0x00000000c8700000, 0x00000000c8800000|  0%| F|  |TAMS 0x00000000c8700000, 0x00000000c8700000| Untracked 
| 136|0x00000000c8800000, 0x00000000c8800000, 0x00000000c8900000|  0%| F|  |TAMS 0x00000000c8800000, 0x00000000c8800000| Untracked 
| 137|0x00000000c8900000, 0x00000000c8a00000, 0x00000000c8a00000|100%| O|  |TAMS 0x00000000c8a00000, 0x00000000c8900000| Untracked 
| 138|0x00000000c8a00000, 0x00000000c8b00000, 0x00000000c8b00000|100%| O|  |TAMS 0x00000000c8b00000, 0x00000000c8a00000| Untracked 
| 139|0x00000000c8b00000, 0x00000000c8c00000, 0x00000000c8c00000|100%| O|  |TAMS 0x00000000c8c00000, 0x00000000c8b00000| Untracked 
| 140|0x00000000c8c00000, 0x00000000c8c00000, 0x00000000c8d00000|  0%| F|  |TAMS 0x00000000c8c00000, 0x00000000c8c00000| Untracked 
| 141|0x00000000c8d00000, 0x00000000c8d00000, 0x00000000c8e00000|  0%| F|  |TAMS 0x00000000c8d00000, 0x00000000c8d00000| Untracked 
| 142|0x00000000c8e00000, 0x00000000c8f00000, 0x00000000c8f00000|100%| O|  |TAMS 0x00000000c8f00000, 0x00000000c8e00000| Untracked 
| 143|0x00000000c8f00000, 0x00000000c9000000, 0x00000000c9000000|100%| O|  |TAMS 0x00000000c9000000, 0x00000000c8f00000| Untracked 
| 144|0x00000000c9000000, 0x00000000c9100000, 0x00000000c9100000|100%| O|  |TAMS 0x00000000c9100000, 0x00000000c9000000| Untracked 
| 145|0x00000000c9100000, 0x00000000c9200000, 0x00000000c9200000|100%| O|  |TAMS 0x00000000c9200000, 0x00000000c9100000| Untracked 
| 146|0x00000000c9200000, 0x00000000c9300000, 0x00000000c9300000|100%| O|  |TAMS 0x00000000c9300000, 0x00000000c9200000| Untracked 
| 147|0x00000000c9300000, 0x00000000c9400000, 0x00000000c9400000|100%| O|  |TAMS 0x00000000c9400000, 0x00000000c9300000| Untracked 
| 148|0x00000000c9400000, 0x00000000c9400000, 0x00000000c9500000|  0%| F|  |TAMS 0x00000000c9400000, 0x00000000c9400000| Untracked 
| 149|0x00000000c9500000, 0x00000000c9600000, 0x00000000c9600000|100%| O|  |TAMS 0x00000000c9600000, 0x00000000c9500000| Untracked 
| 150|0x00000000c9600000, 0x00000000c9700000, 0x00000000c9700000|100%| O|  |TAMS 0x00000000c9700000, 0x00000000c9600000| Untracked 
| 151|0x00000000c9700000, 0x00000000c9800000, 0x00000000c9800000|100%| O|  |TAMS 0x00000000c9800000, 0x00000000c9700000| Untracked 
| 152|0x00000000c9800000, 0x00000000c9900000, 0x00000000c9900000|100%| O|  |TAMS 0x00000000c9900000, 0x00000000c9800000| Untracked 
| 153|0x00000000c9900000, 0x00000000c9a00000, 0x00000000c9a00000|100%| O|  |TAMS 0x00000000c9a00000, 0x00000000c9900000| Untracked 
| 154|0x00000000c9a00000, 0x00000000c9a00000, 0x00000000c9b00000|  0%| F|  |TAMS 0x00000000c9a00000, 0x00000000c9a00000| Untracked 
| 155|0x00000000c9b00000, 0x00000000c9b00000, 0x00000000c9c00000|  0%| F|  |TAMS 0x00000000c9b00000, 0x00000000c9b00000| Untracked 
| 156|0x00000000c9c00000, 0x00000000c9c00000, 0x00000000c9d00000|  0%| F|  |TAMS 0x00000000c9c00000, 0x00000000c9c00000| Untracked 
| 157|0x00000000c9d00000, 0x00000000c9d00000, 0x00000000c9e00000|  0%| F|  |TAMS 0x00000000c9d00000, 0x00000000c9d00000| Untracked 
| 158|0x00000000c9e00000, 0x00000000c9e00000, 0x00000000c9f00000|  0%| F|  |TAMS 0x00000000c9e00000, 0x00000000c9e00000| Untracked 
| 159|0x00000000c9f00000, 0x00000000c9f00000, 0x00000000ca000000|  0%| F|  |TAMS 0x00000000c9f00000, 0x00000000c9f00000| Untracked 
| 160|0x00000000ca000000, 0x00000000ca000000, 0x00000000ca100000|  0%| F|  |TAMS 0x00000000ca000000, 0x00000000ca000000| Untracked 
| 161|0x00000000ca100000, 0x00000000ca100000, 0x00000000ca200000|  0%| F|  |TAMS 0x00000000ca100000, 0x00000000ca100000| Untracked 
| 162|0x00000000ca200000, 0x00000000ca200000, 0x00000000ca300000|  0%| F|  |TAMS 0x00000000ca200000, 0x00000000ca200000| Untracked 
| 163|0x00000000ca300000, 0x00000000ca300000, 0x00000000ca400000|  0%| F|  |TAMS 0x00000000ca300000, 0x00000000ca300000| Untracked 
| 164|0x00000000ca400000, 0x00000000ca400000, 0x00000000ca500000|  0%| F|  |TAMS 0x00000000ca400000, 0x00000000ca400000| Untracked 
| 165|0x00000000ca500000, 0x00000000ca500000, 0x00000000ca600000|  0%| F|  |TAMS 0x00000000ca500000, 0x00000000ca500000| Untracked 
| 166|0x00000000ca600000, 0x00000000ca600000, 0x00000000ca700000|  0%| F|  |TAMS 0x00000000ca600000, 0x00000000ca600000| Untracked 
| 167|0x00000000ca700000, 0x00000000ca700000, 0x00000000ca800000|  0%| F|  |TAMS 0x00000000ca700000, 0x00000000ca700000| Untracked 
| 168|0x00000000ca800000, 0x00000000ca800000, 0x00000000ca900000|  0%| F|  |TAMS 0x00000000ca800000, 0x00000000ca800000| Untracked 
| 169|0x00000000ca900000, 0x00000000ca900000, 0x00000000caa00000|  0%| F|  |TAMS 0x00000000ca900000, 0x00000000ca900000| Untracked 
| 170|0x00000000caa00000, 0x00000000caa00000, 0x00000000cab00000|  0%| F|  |TAMS 0x00000000caa00000, 0x00000000caa00000| Untracked 
| 171|0x00000000cab00000, 0x00000000cab00000, 0x00000000cac00000|  0%| F|  |TAMS 0x00000000cab00000, 0x00000000cab00000| Untracked 
| 172|0x00000000cac00000, 0x00000000cac00000, 0x00000000cad00000|  0%| F|  |TAMS 0x00000000cac00000, 0x00000000cac00000| Untracked 
| 173|0x00000000cad00000, 0x00000000cad00000, 0x00000000cae00000|  0%| F|  |TAMS 0x00000000cad00000, 0x00000000cad00000| Untracked 
| 174|0x00000000cae00000, 0x00000000cae00000, 0x00000000caf00000|  0%| F|  |TAMS 0x00000000cae00000, 0x00000000cae00000| Untracked 
| 175|0x00000000caf00000, 0x00000000caf00000, 0x00000000cb000000|  0%| F|  |TAMS 0x00000000caf00000, 0x00000000caf00000| Untracked 
| 176|0x00000000cb000000, 0x00000000cb000000, 0x00000000cb100000|  0%| F|  |TAMS 0x00000000cb000000, 0x00000000cb000000| Untracked 
| 177|0x00000000cb100000, 0x00000000cb100000, 0x00000000cb200000|  0%| F|  |TAMS 0x00000000cb100000, 0x00000000cb100000| Untracked 
| 178|0x00000000cb200000, 0x00000000cb200000, 0x00000000cb300000|  0%| F|  |TAMS 0x00000000cb200000, 0x00000000cb200000| Untracked 
| 179|0x00000000cb300000, 0x00000000cb300000, 0x00000000cb400000|  0%| F|  |TAMS 0x00000000cb300000, 0x00000000cb300000| Untracked 
| 180|0x00000000cb400000, 0x00000000cb400000, 0x00000000cb500000|  0%| F|  |TAMS 0x00000000cb400000, 0x00000000cb400000| Untracked 
| 181|0x00000000cb500000, 0x00000000cb500000, 0x00000000cb600000|  0%| F|  |TAMS 0x00000000cb500000, 0x00000000cb500000| Untracked 
| 182|0x00000000cb600000, 0x00000000cb600000, 0x00000000cb700000|  0%| F|  |TAMS 0x00000000cb600000, 0x00000000cb600000| Untracked 
| 183|0x00000000cb700000, 0x00000000cb700000, 0x00000000cb800000|  0%| F|  |TAMS 0x00000000cb700000, 0x00000000cb700000| Untracked 
| 184|0x00000000cb800000, 0x00000000cb894528, 0x00000000cb900000| 57%| E|  |TAMS 0x00000000cb800000, 0x00000000cb800000| Complete 
| 185|0x00000000cb900000, 0x00000000cba00000, 0x00000000cba00000|100%| E|CS|TAMS 0x00000000cb900000, 0x00000000cb900000| Complete 
| 186|0x00000000cba00000, 0x00000000cbb00000, 0x00000000cbb00000|100%| E|CS|TAMS 0x00000000cba00000, 0x00000000cba00000| Complete 
| 187|0x00000000cbb00000, 0x00000000cbc00000, 0x00000000cbc00000|100%| E|CS|TAMS 0x00000000cbb00000, 0x00000000cbb00000| Complete 
| 188|0x00000000cbc00000, 0x00000000cbd00000, 0x00000000cbd00000|100%| E|CS|TAMS 0x00000000cbc00000, 0x00000000cbc00000| Complete 
| 189|0x00000000cbd00000, 0x00000000cbe00000, 0x00000000cbe00000|100%| E|CS|TAMS 0x00000000cbd00000, 0x00000000cbd00000| Complete 
| 190|0x00000000cbe00000, 0x00000000cbf00000, 0x00000000cbf00000|100%| E|CS|TAMS 0x00000000cbe00000, 0x00000000cbe00000| Complete 
| 191|0x00000000cbf00000, 0x00000000cc000000, 0x00000000cc000000|100%| E|CS|TAMS 0x00000000cbf00000, 0x00000000cbf00000| Complete 
| 192|0x00000000cc000000, 0x00000000cc100000, 0x00000000cc100000|100%| E|CS|TAMS 0x00000000cc000000, 0x00000000cc000000| Complete 
| 193|0x00000000cc100000, 0x00000000cc200000, 0x00000000cc200000|100%| E|CS|TAMS 0x00000000cc100000, 0x00000000cc100000| Complete 
| 194|0x00000000cc200000, 0x00000000cc300000, 0x00000000cc300000|100%| E|CS|TAMS 0x00000000cc200000, 0x00000000cc200000| Complete 
| 195|0x00000000cc300000, 0x00000000cc400000, 0x00000000cc400000|100%| E|CS|TAMS 0x00000000cc300000, 0x00000000cc300000| Complete 
| 196|0x00000000cc400000, 0x00000000cc500000, 0x00000000cc500000|100%| E|CS|TAMS 0x00000000cc400000, 0x00000000cc400000| Complete 
| 197|0x00000000cc500000, 0x00000000cc600000, 0x00000000cc600000|100%| E|CS|TAMS 0x00000000cc500000, 0x00000000cc500000| Complete 
| 198|0x00000000cc600000, 0x00000000cc700000, 0x00000000cc700000|100%| E|CS|TAMS 0x00000000cc600000, 0x00000000cc600000| Complete 
| 199|0x00000000cc700000, 0x00000000cc800000, 0x00000000cc800000|100%| E|CS|TAMS 0x00000000cc700000, 0x00000000cc700000| Complete 
| 200|0x00000000cc800000, 0x00000000cc900000, 0x00000000cc900000|100%| E|CS|TAMS 0x00000000cc800000, 0x00000000cc800000| Complete 
| 201|0x00000000cc900000, 0x00000000cca00000, 0x00000000cca00000|100%| E|CS|TAMS 0x00000000cc900000, 0x00000000cc900000| Complete 
| 202|0x00000000cca00000, 0x00000000ccb00000, 0x00000000ccb00000|100%| E|CS|TAMS 0x00000000cca00000, 0x00000000cca00000| Complete 
| 203|0x00000000ccb00000, 0x00000000ccc00000, 0x00000000ccc00000|100%| E|CS|TAMS 0x00000000ccb00000, 0x00000000ccb00000| Complete 
| 204|0x00000000ccc00000, 0x00000000ccd00000, 0x00000000ccd00000|100%| E|CS|TAMS 0x00000000ccc00000, 0x00000000ccc00000| Complete 
| 205|0x00000000ccd00000, 0x00000000cce00000, 0x00000000cce00000|100%| E|CS|TAMS 0x00000000ccd00000, 0x00000000ccd00000| Complete 
| 206|0x00000000cce00000, 0x00000000ccf00000, 0x00000000ccf00000|100%| E|CS|TAMS 0x00000000cce00000, 0x00000000cce00000| Complete 
| 207|0x00000000ccf00000, 0x00000000cd000000, 0x00000000cd000000|100%| E|CS|TAMS 0x00000000ccf00000, 0x00000000ccf00000| Complete 
| 208|0x00000000cd000000, 0x00000000cd100000, 0x00000000cd100000|100%| E|CS|TAMS 0x00000000cd000000, 0x00000000cd000000| Complete 
| 209|0x00000000cd100000, 0x00000000cd200000, 0x00000000cd200000|100%| E|CS|TAMS 0x00000000cd100000, 0x00000000cd100000| Complete 
| 210|0x00000000cd200000, 0x00000000cd300000, 0x00000000cd300000|100%| E|CS|TAMS 0x00000000cd200000, 0x00000000cd200000| Complete 
| 211|0x00000000cd300000, 0x00000000cd400000, 0x00000000cd400000|100%| E|CS|TAMS 0x00000000cd300000, 0x00000000cd300000| Complete 
| 212|0x00000000cd400000, 0x00000000cd500000, 0x00000000cd500000|100%| E|CS|TAMS 0x00000000cd400000, 0x00000000cd400000| Complete 
| 213|0x00000000cd500000, 0x00000000cd600000, 0x00000000cd600000|100%| E|CS|TAMS 0x00000000cd500000, 0x00000000cd500000| Complete 
| 214|0x00000000cd600000, 0x00000000cd700000, 0x00000000cd700000|100%| E|CS|TAMS 0x00000000cd600000, 0x00000000cd600000| Complete 
| 215|0x00000000cd700000, 0x00000000cd800000, 0x00000000cd800000|100%| E|CS|TAMS 0x00000000cd700000, 0x00000000cd700000| Complete 
| 216|0x00000000cd800000, 0x00000000cd900000, 0x00000000cd900000|100%| E|CS|TAMS 0x00000000cd800000, 0x00000000cd800000| Complete 
| 217|0x00000000cd900000, 0x00000000cda00000, 0x00000000cda00000|100%| E|CS|TAMS 0x00000000cd900000, 0x00000000cd900000| Complete 
| 218|0x00000000cda00000, 0x00000000cdb00000, 0x00000000cdb00000|100%| E|CS|TAMS 0x00000000cda00000, 0x00000000cda00000| Complete 
| 219|0x00000000cdb00000, 0x00000000cdc00000, 0x00000000cdc00000|100%| E|CS|TAMS 0x00000000cdb00000, 0x00000000cdb00000| Complete 
| 220|0x00000000cdc00000, 0x00000000cdd00000, 0x00000000cdd00000|100%| E|CS|TAMS 0x00000000cdc00000, 0x00000000cdc00000| Complete 
| 221|0x00000000cdd00000, 0x00000000cde00000, 0x00000000cde00000|100%| E|CS|TAMS 0x00000000cdd00000, 0x00000000cdd00000| Complete 
| 222|0x00000000cde00000, 0x00000000cdf00000, 0x00000000cdf00000|100%| E|  |TAMS 0x00000000cde00000, 0x00000000cde00000| Complete 
| 223|0x00000000cdf00000, 0x00000000ce000000, 0x00000000ce000000|100%| E|CS|TAMS 0x00000000cdf00000, 0x00000000cdf00000| Complete 
| 224|0x00000000ce000000, 0x00000000ce100000, 0x00000000ce100000|100%| E|CS|TAMS 0x00000000ce000000, 0x00000000ce000000| Complete 
| 225|0x00000000ce100000, 0x00000000ce200000, 0x00000000ce200000|100%| E|CS|TAMS 0x00000000ce100000, 0x00000000ce100000| Complete 
| 226|0x00000000ce200000, 0x00000000ce300000, 0x00000000ce300000|100%| E|CS|TAMS 0x00000000ce200000, 0x00000000ce200000| Complete 
| 227|0x00000000ce300000, 0x00000000ce400000, 0x00000000ce400000|100%| E|CS|TAMS 0x00000000ce300000, 0x00000000ce300000| Complete 
| 228|0x00000000ce400000, 0x00000000ce500000, 0x00000000ce500000|100%| E|CS|TAMS 0x00000000ce400000, 0x00000000ce400000| Complete 
| 229|0x00000000ce500000, 0x00000000ce600000, 0x00000000ce600000|100%| E|CS|TAMS 0x00000000ce500000, 0x00000000ce500000| Complete 
| 230|0x00000000ce600000, 0x00000000ce700000, 0x00000000ce700000|100%| E|CS|TAMS 0x00000000ce600000, 0x00000000ce600000| Complete 
| 231|0x00000000ce700000, 0x00000000ce800000, 0x00000000ce800000|100%| E|CS|TAMS 0x00000000ce700000, 0x00000000ce700000| Complete 
| 232|0x00000000ce800000, 0x00000000ce900000, 0x00000000ce900000|100%| E|CS|TAMS 0x00000000ce800000, 0x00000000ce800000| Complete 
| 233|0x00000000ce900000, 0x00000000cea00000, 0x00000000cea00000|100%| E|CS|TAMS 0x00000000ce900000, 0x00000000ce900000| Complete 
| 234|0x00000000cea00000, 0x00000000ceb00000, 0x00000000ceb00000|100%| E|CS|TAMS 0x00000000cea00000, 0x00000000cea00000| Complete 
| 235|0x00000000ceb00000, 0x00000000cec00000, 0x00000000cec00000|100%| E|CS|TAMS 0x00000000ceb00000, 0x00000000ceb00000| Complete 
| 236|0x00000000cec00000, 0x00000000ced00000, 0x00000000ced00000|100%| E|CS|TAMS 0x00000000cec00000, 0x00000000cec00000| Complete 
| 237|0x00000000ced00000, 0x00000000cee00000, 0x00000000cee00000|100%| E|CS|TAMS 0x00000000ced00000, 0x00000000ced00000| Complete 
| 238|0x00000000cee00000, 0x00000000cef00000, 0x00000000cef00000|100%| E|CS|TAMS 0x00000000cee00000, 0x00000000cee00000| Complete 
| 239|0x00000000cef00000, 0x00000000cf000000, 0x00000000cf000000|100%| E|CS|TAMS 0x00000000cef00000, 0x00000000cef00000| Complete 
| 240|0x00000000cf000000, 0x00000000cf100000, 0x00000000cf100000|100%| E|CS|TAMS 0x00000000cf000000, 0x00000000cf000000| Complete 
| 241|0x00000000cf100000, 0x00000000cf200000, 0x00000000cf200000|100%| E|CS|TAMS 0x00000000cf100000, 0x00000000cf100000| Complete 
| 242|0x00000000cf200000, 0x00000000cf300000, 0x00000000cf300000|100%| E|CS|TAMS 0x00000000cf200000, 0x00000000cf200000| Complete 
| 243|0x00000000cf300000, 0x00000000cf400000, 0x00000000cf400000|100%| E|CS|TAMS 0x00000000cf300000, 0x00000000cf300000| Complete 
| 244|0x00000000cf400000, 0x00000000cf500000, 0x00000000cf500000|100%| E|CS|TAMS 0x00000000cf400000, 0x00000000cf400000| Complete 
| 245|0x00000000cf500000, 0x00000000cf600000, 0x00000000cf600000|100%| E|CS|TAMS 0x00000000cf500000, 0x00000000cf500000| Complete 
| 246|0x00000000cf600000, 0x00000000cf700000, 0x00000000cf700000|100%| E|CS|TAMS 0x00000000cf600000, 0x00000000cf600000| Complete 
| 247|0x00000000cf700000, 0x00000000cf800000, 0x00000000cf800000|100%| E|CS|TAMS 0x00000000cf700000, 0x00000000cf700000| Complete 
| 248|0x00000000cf800000, 0x00000000cf900000, 0x00000000cf900000|100%| E|CS|TAMS 0x00000000cf800000, 0x00000000cf800000| Complete 
| 249|0x00000000cf900000, 0x00000000cfa00000, 0x00000000cfa00000|100%| E|CS|TAMS 0x00000000cf900000, 0x00000000cf900000| Complete 
| 250|0x00000000cfa00000, 0x00000000cfb00000, 0x00000000cfb00000|100%| E|CS|TAMS 0x00000000cfa00000, 0x00000000cfa00000| Complete 
| 251|0x00000000cfb00000, 0x00000000cfc00000, 0x00000000cfc00000|100%| E|CS|TAMS 0x00000000cfb00000, 0x00000000cfb00000| Complete 
| 252|0x00000000cfc00000, 0x00000000cfd00000, 0x00000000cfd00000|100%| E|CS|TAMS 0x00000000cfc00000, 0x00000000cfc00000| Complete 
| 253|0x00000000cfd00000, 0x00000000cfe00000, 0x00000000cfe00000|100%| E|CS|TAMS 0x00000000cfd00000, 0x00000000cfd00000| Complete 
| 254|0x00000000cfe00000, 0x00000000cff00000, 0x00000000cff00000|100%| E|CS|TAMS 0x00000000cfe00000, 0x00000000cfe00000| Complete 
| 255|0x00000000cff00000, 0x00000000d0000000, 0x00000000d0000000|100%| E|CS|TAMS 0x00000000cff00000, 0x00000000cff00000| Complete 
| 256|0x00000000d0000000, 0x00000000d0100000, 0x00000000d0100000|100%| E|CS|TAMS 0x00000000d0000000, 0x00000000d0000000| Complete 
| 257|0x00000000d0100000, 0x00000000d0200000, 0x00000000d0200000|100%| E|CS|TAMS 0x00000000d0100000, 0x00000000d0100000| Complete 
| 258|0x00000000d0200000, 0x00000000d0300000, 0x00000000d0300000|100%| E|CS|TAMS 0x00000000d0200000, 0x00000000d0200000| Complete 
| 259|0x00000000d0300000, 0x00000000d0400000, 0x00000000d0400000|100%| E|CS|TAMS 0x00000000d0300000, 0x00000000d0300000| Complete 
| 260|0x00000000d0400000, 0x00000000d0500000, 0x00000000d0500000|100%| E|CS|TAMS 0x00000000d0400000, 0x00000000d0400000| Complete 
| 261|0x00000000d0500000, 0x00000000d0600000, 0x00000000d0600000|100%| E|CS|TAMS 0x00000000d0500000, 0x00000000d0500000| Complete 
| 262|0x00000000d0600000, 0x00000000d0700000, 0x00000000d0700000|100%| E|CS|TAMS 0x00000000d0600000, 0x00000000d0600000| Complete 
| 263|0x00000000d0700000, 0x00000000d0800000, 0x00000000d0800000|100%| E|CS|TAMS 0x00000000d0700000, 0x00000000d0700000| Complete 
| 264|0x00000000d0800000, 0x00000000d0900000, 0x00000000d0900000|100%| E|CS|TAMS 0x00000000d0800000, 0x00000000d0800000| Complete 
| 265|0x00000000d0900000, 0x00000000d0a00000, 0x00000000d0a00000|100%| E|CS|TAMS 0x00000000d0900000, 0x00000000d0900000| Complete 
| 266|0x00000000d0a00000, 0x00000000d0b00000, 0x00000000d0b00000|100%| E|CS|TAMS 0x00000000d0a00000, 0x00000000d0a00000| Complete 
| 267|0x00000000d0b00000, 0x00000000d0c00000, 0x00000000d0c00000|100%| E|CS|TAMS 0x00000000d0b00000, 0x00000000d0b00000| Complete 
| 268|0x00000000d0c00000, 0x00000000d0d00000, 0x00000000d0d00000|100%| E|CS|TAMS 0x00000000d0c00000, 0x00000000d0c00000| Complete 
| 269|0x00000000d0d00000, 0x00000000d0e00000, 0x00000000d0e00000|100%| E|CS|TAMS 0x00000000d0d00000, 0x00000000d0d00000| Complete 
| 270|0x00000000d0e00000, 0x00000000d0f00000, 0x00000000d0f00000|100%| E|CS|TAMS 0x00000000d0e00000, 0x00000000d0e00000| Complete 
| 271|0x00000000d0f00000, 0x00000000d1000000, 0x00000000d1000000|100%| E|CS|TAMS 0x00000000d0f00000, 0x00000000d0f00000| Complete 

Card table byte_map: [0x00000213bb5c0000,0x00000213bb7c0000] _byte_map_base: 0x00000213bafc0000

Marking Bits (Prev, Next): (CMBitMap*) 0x00000213a383e808, (CMBitMap*) 0x00000213a383e840
 Prev Bits: [0x00000213bb9c0000, 0x00000213bc9c0000)
 Next Bits: [0x00000213bc9c0000, 0x00000213bd9c0000)

Polling page: 0x00000213a1740000

Metaspace:

Usage:
  Non-class:     71.12 MB capacity,    69.19 MB ( 97%) used,     1.78 MB (  2%) free+waste,   156.75 KB ( <1%) overhead. 
      Class:      8.06 MB capacity,     6.93 MB ( 86%) used,     1.07 MB ( 13%) free+waste,    63.50 KB ( <1%) overhead. 
       Both:     79.18 MB capacity,    76.12 MB ( 96%) used,     2.85 MB (  4%) free+waste,   220.25 KB ( <1%) overhead. 

Virtual space:
  Non-class space:       72.00 MB reserved,      71.42 MB (>99%) committed 
      Class space:        1.00 GB reserved,       8.13 MB ( <1%) committed 
             Both:        1.07 GB reserved,      79.55 MB (  7%) committed 

Chunk freelists:
   Non-Class:  116.00 KB
       Class:  68.00 KB
        Both:  184.00 KB

MaxMetaspaceSize: 17179869184.00 GB
CompressedClassSpaceSize: 1.00 GB

CodeHeap 'non-profiled nmethods': size=120000Kb used=16685Kb max_used=16685Kb free=103314Kb
 bounds [0x00000213b3930000, 0x00000213b49a0000, 0x00000213bae60000]
CodeHeap 'profiled nmethods': size=120000Kb used=30681Kb max_used=33182Kb free=89318Kb
 bounds [0x00000213ac400000, 0x00000213ae4d0000, 0x00000213b3930000]
CodeHeap 'non-nmethods': size=5760Kb used=1313Kb max_used=1401Kb free=4446Kb
 bounds [0x00000213abe60000, 0x00000213ac0d0000, 0x00000213ac400000]
 total_blobs=29897 nmethods=13820 adapters=624
 compilation: enabled
              stopped_count=0, restarted_count=0
 full_count=0

Compilation events (20 events):
Event: 3133.068 Thread 0x00000213c065a800 nmethod 19994 0x00000213b4983e10 code [0x00000213b4984120, 0x00000213b4986ce0]
Event: 3133.185 Thread 0x00000213c065c800 19995       3       com.sun.org.apache.xerces.internal.impl.XMLEntityScanner::load (200 bytes)
Event: 3133.185 Thread 0x00000213c065c800 nmethod 19995 0x00000213ad967a10 code [0x00000213ad967c20, 0x00000213ad9681e0]
Event: 3133.306 Thread 0x00000213c065c800 19996       3       java.lang.invoke.DirectMethodHandle$Holder::invokeStatic (20 bytes)
Event: 3133.307 Thread 0x00000213c065c800 nmethod 19996 0x00000213ad948690 code [0x00000213ad948880, 0x00000213ad948e20]
Event: 3133.307 Thread 0x00000213c065c800 19997       3       java.util.concurrent.atomic.AtomicInteger::addAndGet (14 bytes)
Event: 3133.307 Thread 0x00000213c065c800 nmethod 19997 0x00000213ad7e4c10 code [0x00000213ad7e4dc0, 0x00000213ad7e4f38]
Event: 3133.310 Thread 0x00000213c065c800 19998       3       java.util.TaskQueue::isEmpty (13 bytes)
Event: 3133.310 Thread 0x00000213c065c800 nmethod 19998 0x00000213ad7f0490 code [0x00000213ad7f0640, 0x00000213ad7f07f8]
Event: 3134.235 Thread 0x00000213c065a800 19999       4       org.eclipse.lsp4j.jsonrpc.json.adapters.MessageTypeAdapter::write (10 bytes)
Event: 3134.286 Thread 0x00000213c065a800 nmethod 19999 0x00000213b4988210 code [0x00000213b4988660, 0x00000213b498b4f0]
Event: 3134.286 Thread 0x00000213c065a800 20000       4       org.eclipse.lsp4j.jsonrpc.json.adapters.MessageTypeAdapter::write (299 bytes)
Event: 3134.338 Thread 0x00000213c065a800 nmethod 20000 0x00000213b498d110 code [0x00000213b498d560, 0x00000213b4990230]
Event: 3136.398 Thread 0x00000213c065c800 20001       3       org.eclipse.jdt.internal.core.util.BindingKeyParser$Scanner::getTokenSource (30 bytes)
Event: 3136.398 Thread 0x00000213c065c800 nmethod 20001 0x00000213ad8fde10 code [0x00000213ad8fdfe0, 0x00000213ad8fe2b0]
Event: 3136.943 Thread 0x00000213c065a800 20002       4       com.google.gson.internal.bind.ObjectTypeAdapter::read (174 bytes)
Event: 3136.943 Thread 0x00000213c065c800 20003       3       java.util.regex.Pattern$BmpCharPredicate::union (23 bytes)
Event: 3136.943 Thread 0x00000213c065c800 nmethod 20003 0x00000213ad97ee10 code [0x00000213ad97f020, 0x00000213ad97f850]
Event: 3136.943 Thread 0x00000213c065c800 20004       3       java.util.regex.Pattern$BmpCharPredicate$$Lambda$94/0x0000000100241440::get$Lambda (10 bytes)
Event: 3136.943 Thread 0x00000213c065c800 nmethod 20004 0x00000213ad913e10 code [0x00000213ad913fe0, 0x00000213ad9142f8]

GC Heap History (20 events):
Event: 2983.595 GC heap before
{Heap before GC invocations=250 (full 0):
 garbage-first heap   total 278528K, used 240013K [0x00000000c0000000, 0x0000000100000000)
  region size 1024K, 150 young (153600K), 2 survivors (2048K)
 Metaspace       used 77702K, capacity 80818K, committed 81200K, reserved 1122304K
  class space    used 7093K, capacity 8252K, committed 8320K, reserved 1048576K
}
Event: 2983.599 GC heap after
{Heap after GC invocations=251 (full 0):
 garbage-first heap   total 278528K, used 90095K [0x00000000c0000000, 0x0000000100000000)
  region size 1024K, 3 young (3072K), 3 survivors (3072K)
 Metaspace       used 77702K, capacity 80818K, committed 81200K, reserved 1122304K
  class space    used 7093K, capacity 8252K, committed 8320K, reserved 1048576K
}
Event: 2991.410 GC heap before
{Heap before GC invocations=252 (full 0):
 garbage-first heap   total 278528K, used 241647K [0x00000000c0000000, 0x0000000100000000)
  region size 1024K, 151 young (154624K), 3 survivors (3072K)
 Metaspace       used 77711K, capacity 80820K, committed 81200K, reserved 1122304K
  class space    used 7093K, capacity 8252K, committed 8320K, reserved 1048576K
}
Event: 2991.413 GC heap after
{Heap after GC invocations=253 (full 0):
 garbage-first heap   total 278528K, used 89486K [0x00000000c0000000, 0x0000000100000000)
  region size 1024K, 2 young (2048K), 2 survivors (2048K)
 Metaspace       used 77711K, capacity 80820K, committed 81200K, reserved 1122304K
  class space    used 7093K, capacity 8252K, committed 8320K, reserved 1048576K
}
Event: 2991.701 GC heap before
{Heap before GC invocations=253 (full 0):
 garbage-first heap   total 278528K, used 100750K [0x00000000c0000000, 0x0000000100000000)
  region size 1024K, 13 young (13312K), 2 survivors (2048K)
 Metaspace       used 77711K, capacity 80820K, committed 81200K, reserved 1122304K
  class space    used 7093K, capacity 8252K, committed 8320K, reserved 1048576K
}
Event: 2991.705 GC heap after
{Heap after GC invocations=254 (full 0):
 garbage-first heap   total 278528K, used 89058K [0x00000000c0000000, 0x0000000100000000)
  region size 1024K, 2 young (2048K), 2 survivors (2048K)
 Metaspace       used 77711K, capacity 80820K, committed 81200K, reserved 1122304K
  class space    used 7093K, capacity 8252K, committed 8320K, reserved 1048576K
}
Event: 3013.721 GC heap before
{Heap before GC invocations=254 (full 0):
 garbage-first heap   total 278528K, used 240610K [0x00000000c0000000, 0x0000000100000000)
  region size 1024K, 151 young (154624K), 2 survivors (2048K)
 Metaspace       used 77722K, capacity 80820K, committed 81200K, reserved 1122304K
  class space    used 7093K, capacity 8252K, committed 8320K, reserved 1048576K
}
Event: 3013.724 GC heap after
{Heap after GC invocations=255 (full 0):
 garbage-first heap   total 278528K, used 88613K [0x00000000c0000000, 0x0000000100000000)
  region size 1024K, 2 young (2048K), 2 survivors (2048K)
 Metaspace       used 77722K, capacity 80820K, committed 81200K, reserved 1122304K
  class space    used 7093K, capacity 8252K, committed 8320K, reserved 1048576K
}
Event: 3047.273 GC heap before
{Heap before GC invocations=256 (full 0):
 garbage-first heap   total 278528K, used 240165K [0x00000000c0000000, 0x0000000100000000)
  region size 1024K, 151 young (154624K), 2 survivors (2048K)
 Metaspace       used 77731K, capacity 80822K, committed 81200K, reserved 1122304K
  class space    used 7093K, capacity 8252K, committed 8320K, reserved 1048576K
}
Event: 3047.276 GC heap after
{Heap after GC invocations=257 (full 0):
 garbage-first heap   total 278528K, used 88972K [0x00000000c0000000, 0x0000000100000000)
  region size 1024K, 2 young (2048K), 2 survivors (2048K)
 Metaspace       used 77731K, capacity 80822K, committed 81200K, reserved 1122304K
  class space    used 7093K, capacity 8252K, committed 8320K, reserved 1048576K
}
Event: 3047.567 GC heap before
{Heap before GC invocations=257 (full 0):
 garbage-first heap   total 278528K, used 100236K [0x00000000c0000000, 0x0000000100000000)
  region size 1024K, 13 young (13312K), 2 survivors (2048K)
 Metaspace       used 77731K, capacity 80822K, committed 81200K, reserved 1122304K
  class space    used 7093K, capacity 8252K, committed 8320K, reserved 1048576K
}
Event: 3047.570 GC heap after
{Heap after GC invocations=258 (full 0):
 garbage-first heap   total 278528K, used 87068K [0x00000000c0000000, 0x0000000100000000)
  region size 1024K, 2 young (2048K), 2 survivors (2048K)
 Metaspace       used 77731K, capacity 80822K, committed 81200K, reserved 1122304K
  class space    used 7093K, capacity 8252K, committed 8320K, reserved 1048576K
}
Event: 3058.910 GC heap before
{Heap before GC invocations=258 (full 0):
 garbage-first heap   total 278528K, used 240668K [0x00000000c0000000, 0x0000000100000000)
  region size 1024K, 153 young (156672K), 2 survivors (2048K)
 Metaspace       used 77770K, capacity 80887K, committed 81200K, reserved 1122304K
  class space    used 7093K, capacity 8252K, committed 8320K, reserved 1048576K
}
Event: 3058.913 GC heap after
{Heap after GC invocations=259 (full 0):
 garbage-first heap   total 278528K, used 87052K [0x00000000c0000000, 0x0000000100000000)
  region size 1024K, 2 young (2048K), 2 survivors (2048K)
 Metaspace       used 77770K, capacity 80887K, committed 81200K, reserved 1122304K
  class space    used 7093K, capacity 8252K, committed 8320K, reserved 1048576K
}
Event: 3083.038 GC heap before
{Heap before GC invocations=260 (full 0):
 garbage-first heap   total 278528K, used 242700K [0x00000000c0000000, 0x0000000100000000)
  region size 1024K, 154 young (157696K), 2 survivors (2048K)
 Metaspace       used 77823K, capacity 81079K, committed 81456K, reserved 1122304K
  class space    used 7093K, capacity 8252K, committed 8320K, reserved 1048576K
}
Event: 3083.041 GC heap after
{Heap after GC invocations=261 (full 0):
 garbage-first heap   total 278528K, used 86803K [0x00000000c0000000, 0x0000000100000000)
  region size 1024K, 1 young (1024K), 1 survivors (1024K)
 Metaspace       used 77823K, capacity 81079K, committed 81456K, reserved 1122304K
  class space    used 7093K, capacity 8252K, committed 8320K, reserved 1048576K
}
Event: 3099.244 GC heap before
{Heap before GC invocations=261 (full 0):
 garbage-first heap   total 278528K, used 243475K [0x00000000c0000000, 0x0000000100000000)
  region size 1024K, 155 young (158720K), 1 survivors (1024K)
 Metaspace       used 77885K, capacity 81079K, committed 81456K, reserved 1122304K
  class space    used 7094K, capacity 8252K, committed 8320K, reserved 1048576K
}
Event: 3099.249 GC heap after
{Heap after GC invocations=262 (full 0):
 garbage-first heap   total 278528K, used 87641K [0x00000000c0000000, 0x0000000100000000)
  region size 1024K, 2 young (2048K), 2 survivors (2048K)
 Metaspace       used 77885K, capacity 81079K, committed 81456K, reserved 1122304K
  class space    used 7094K, capacity 8252K, committed 8320K, reserved 1048576K
}
Event: 3122.931 GC heap before
{Heap before GC invocations=263 (full 0):
 garbage-first heap   total 278528K, used 243289K [0x00000000c0000000, 0x0000000100000000)
  region size 1024K, 154 young (157696K), 2 survivors (2048K)
 Metaspace       used 77933K, capacity 81079K, committed 81456K, reserved 1122304K
  class space    used 7094K, capacity 8252K, committed 8320K, reserved 1048576K
}
Event: 3122.934 GC heap after
{Heap after GC invocations=264 (full 0):
 garbage-first heap   total 278528K, used 87277K [0x00000000c0000000, 0x0000000100000000)
  region size 1024K, 2 young (2048K), 2 survivors (2048K)
 Metaspace       used 77933K, capacity 81079K, committed 81456K, reserved 1122304K
  class space    used 7094K, capacity 8252K, committed 8320K, reserved 1048576K
}

Deoptimization events (20 events):
Event: 2926.258 Thread 0x00000213c4a40000 DEOPT PACKING pc=0x00000213b4701994 sp=0x000000f72c6fe370
Event: 2926.258 Thread 0x00000213c4a40000 DEOPT UNPACKING pc=0x00000213abe88f2f sp=0x000000f72c6fe308 mode 2
Event: 2926.260 Thread 0x00000213c4a40000 Uncommon trap: trap_request=0xffffff4d fr.pc=0x00000213b4485db4 relative=0x0000000000000a54
Event: 2926.260 Thread 0x00000213c4a40000 Uncommon trap: reason=unstable_if action=reinterpret pc=0x00000213b4485db4 method=org.eclipse.jdt.internal.compiler.parser.diagnose.DiagnoseParser.misspell(II)I @ 377 c2
Event: 2926.260 Thread 0x00000213c4a40000 DEOPT PACKING pc=0x00000213b4485db4 sp=0x000000f72c6fe1a0
Event: 2926.260 Thread 0x00000213c4a40000 DEOPT UNPACKING pc=0x00000213abe88f2f sp=0x000000f72c6fe0f0 mode 2
Event: 2926.261 Thread 0x00000213c4a40000 Uncommon trap: trap_request=0xffffff4d fr.pc=0x00000213b3f265d0 relative=0x0000000000000730
Event: 2926.261 Thread 0x00000213c4a40000 Uncommon trap: reason=unstable_if action=reinterpret pc=0x00000213b3f265d0 method=org.eclipse.jdt.internal.core.NameLookup.seekTypes(Ljava/lang/String;Lorg/eclipse/jdt/core/IPackageFragment;ZILorg/eclipse/jdt/internal/core/IJavaElementRequestor;Z)V @ 1 c2
Event: 2926.261 Thread 0x00000213c4a40000 DEOPT PACKING pc=0x00000213b3f265d0 sp=0x000000f72c6fe590
Event: 2926.261 Thread 0x00000213c4a40000 DEOPT UNPACKING pc=0x00000213abe88f2f sp=0x000000f72c6fe548 mode 2
Event: 2926.261 Thread 0x00000213c4a40000 Uncommon trap: trap_request=0xffffff4d fr.pc=0x00000213b3ad0760 relative=0x0000000000000840
Event: 2926.261 Thread 0x00000213c4a40000 Uncommon trap: reason=unstable_if action=reinterpret pc=0x00000213b3ad0760 method=org.eclipse.jdt.internal.core.NameLookup.seekTypesInWorkingCopies(Ljava/lang/String;Lorg/eclipse/jdt/core/IPackageFragment;IZLjava/lang/String;ILorg/eclipse/jdt/internal/cor
Event: 2926.261 Thread 0x00000213c4a40000 DEOPT PACKING pc=0x00000213b3ad0760 sp=0x000000f72c6fe2a0
Event: 2926.261 Thread 0x00000213c4a40000 DEOPT UNPACKING pc=0x00000213abe88f2f sp=0x000000f72c6fe260 mode 2
Event: 2926.261 Thread 0x00000213c4a40000 Uncommon trap: trap_request=0xffffff4d fr.pc=0x00000213b4196288 relative=0x0000000000000a48
Event: 2926.261 Thread 0x00000213c4a40000 Uncommon trap: reason=unstable_if action=reinterpret pc=0x00000213b4196288 method=org.eclipse.jdt.internal.core.NameLookup.seekTypesInBinaryPackage(Ljava/lang/String;Lorg/eclipse/jdt/core/IPackageFragment;ZILorg/eclipse/jdt/internal/core/IJavaElementReque
Event: 2926.261 Thread 0x00000213c4a40000 DEOPT PACKING pc=0x00000213b4196288 sp=0x000000f72c6fe2c0
Event: 2926.261 Thread 0x00000213c4a40000 DEOPT UNPACKING pc=0x00000213abe88f2f sp=0x000000f72c6fe258 mode 2
Event: 3127.098 Thread 0x00000213c484d800 DEOPT PACKING pc=0x00000213acd323fb sp=0x000000f7287fde70
Event: 3127.098 Thread 0x00000213c484d800 DEOPT UNPACKING pc=0x00000213abe88d4e sp=0x000000f7287fd380 mode 0

Classes redefined (0 events):
No events

Internal exceptions (20 events):
Event: 2728.773 Thread 0x00000213c220f800 Exception <a 'java/lang/ClassNotFoundException'{0x00000000cfe3a9c8}: sun/net/www/protocol/jdt/Handler> (0x00000000cfe3a9c8) thrown at [c:/cygwin64/tmp/openjdk-jdk11u-windows-x64-hotspot/workspace/build/src/src/hotspot/share/classfile/systemDictionary.cpp,
Event: 2728.773 Thread 0x00000213c220f800 Exception <a 'java/lang/ClassNotFoundException'{0x00000000cfe3d1f0}: sun/net/www/protocol/jdt/Handler> (0x00000000cfe3d1f0) thrown at [c:/cygwin64/tmp/openjdk-jdk11u-windows-x64-hotspot/workspace/build/src/src/hotspot/share/classfile/systemDictionary.cpp,
Event: 2728.773 Thread 0x00000213c220f800 Exception <a 'java/lang/ClassNotFoundException'{0x00000000cfe3fa60}: sun/net/www/protocol/jdt/Handler> (0x00000000cfe3fa60) thrown at [c:/cygwin64/tmp/openjdk-jdk11u-windows-x64-hotspot/workspace/build/src/src/hotspot/share/classfile/systemDictionary.cpp,
Event: 2728.773 Thread 0x00000213c220f800 Exception <a 'java/lang/ClassNotFoundException'{0x00000000cfe42288}: sun/net/www/protocol/jdt/Handler> (0x00000000cfe42288) thrown at [c:/cygwin64/tmp/openjdk-jdk11u-windows-x64-hotspot/workspace/build/src/src/hotspot/share/classfile/systemDictionary.cpp,
Event: 2739.957 Thread 0x00000213c484d800 Exception <a 'java/lang/ClassNotFoundException'{0x00000000d0fff5b8}: sun/net/www/protocol/jdt/Handler> (0x00000000d0fff5b8) thrown at [c:/cygwin64/tmp/openjdk-jdk11u-windows-x64-hotspot/workspace/build/src/src/hotspot/share/classfile/systemDictionary.cpp,
Event: 2739.957 Thread 0x00000213c484d800 Exception <a 'java/lang/ClassNotFoundException'{0x00000000d0e02108}: sun/net/www/protocol/jdt/Handler> (0x00000000d0e02108) thrown at [c:/cygwin64/tmp/openjdk-jdk11u-windows-x64-hotspot/workspace/build/src/src/hotspot/share/classfile/systemDictionary.cpp,
Event: 2744.958 Thread 0x00000213c484d800 Exception <a 'java/lang/ClassCastException'{0x00000000ccf49578}: class org.eclipse.jdt.internal.compiler.lookup.BinaryTypeBinding cannot be cast to class org.eclipse.jdt.internal.compiler.lookup.SourceTypeBinding (org.eclipse.jdt.internal.compiler.lookup.
Event: 2744.958 Thread 0x00000213c484d800 Exception <a 'java/lang/ClassCastException'{0x00000000ccf49b20}: class org.eclipse.jdt.internal.compiler.lookup.BinaryTypeBinding cannot be cast to class org.eclipse.jdt.internal.compiler.lookup.SourceTypeBinding (org.eclipse.jdt.internal.compiler.lookup.
Event: 2744.958 Thread 0x00000213c484d800 Exception <a 'java/lang/ClassCastException'{0x00000000ccf49f88}: class org.eclipse.jdt.internal.compiler.lookup.BinaryTypeBinding cannot be cast to class org.eclipse.jdt.internal.compiler.lookup.SourceTypeBinding (org.eclipse.jdt.internal.compiler.lookup.
Event: 2744.958 Thread 0x00000213c484d800 Exception <a 'java/lang/ClassCastException'{0x00000000ccf4a3f0}: class org.eclipse.jdt.internal.compiler.lookup.BinaryTypeBinding cannot be cast to class org.eclipse.jdt.internal.compiler.lookup.SourceTypeBinding (org.eclipse.jdt.internal.compiler.lookup.
Event: 2744.958 Thread 0x00000213c484d800 Exception <a 'java/lang/ClassCastException'{0x00000000ccf4a858}: class org.eclipse.jdt.internal.compiler.lookup.BinaryTypeBinding cannot be cast to class org.eclipse.jdt.internal.compiler.lookup.SourceTypeBinding (org.eclipse.jdt.internal.compiler.lookup.
Event: 2744.958 Thread 0x00000213c484d800 Exception <a 'java/lang/ClassCastException'{0x00000000ccf4acc0}: class org.eclipse.jdt.internal.compiler.lookup.BinaryTypeBinding cannot be cast to class org.eclipse.jdt.internal.compiler.lookup.SourceTypeBinding (org.eclipse.jdt.internal.compiler.lookup.
Event: 2744.958 Thread 0x00000213c484d800 Exception <a 'java/lang/ClassCastException'{0x00000000ccf4ced0}: class org.eclipse.jdt.internal.compiler.lookup.BinaryTypeBinding cannot be cast to class org.eclipse.jdt.internal.compiler.lookup.SourceTypeBinding (org.eclipse.jdt.internal.compiler.lookup.
Event: 2744.958 Thread 0x00000213c484d800 Exception <a 'java/lang/ClassCastException'{0x00000000ccf4d338}: class org.eclipse.jdt.internal.compiler.lookup.BinaryTypeBinding cannot be cast to class org.eclipse.jdt.internal.compiler.lookup.SourceTypeBinding (org.eclipse.jdt.internal.compiler.lookup.
Event: 2744.958 Thread 0x00000213c484d800 Exception <a 'java/lang/ClassCastException'{0x00000000ccf4d7a0}: class org.eclipse.jdt.internal.compiler.lookup.BinaryTypeBinding cannot be cast to class org.eclipse.jdt.internal.compiler.lookup.SourceTypeBinding (org.eclipse.jdt.internal.compiler.lookup.
Event: 2744.966 Thread 0x00000213c484d800 Implicit null exception at 0x00000213b4544dcc to 0x00000213b4544ff2
Event: 2744.991 Thread 0x00000213c484e800 Exception <a 'java/lang/ClassNotFoundException'{0x00000000ccbabd00}: sun/net/www/protocol/jdt/Handler> (0x00000000ccbabd00) thrown at [c:/cygwin64/tmp/openjdk-jdk11u-windows-x64-hotspot/workspace/build/src/src/hotspot/share/classfile/systemDictionary.cpp,
Event: 2744.991 Thread 0x00000213c484e800 Exception <a 'java/lang/ClassNotFoundException'{0x00000000ccbadbc8}: sun/net/www/protocol/jdt/Handler> (0x00000000ccbadbc8) thrown at [c:/cygwin64/tmp/openjdk-jdk11u-windows-x64-hotspot/workspace/build/src/src/hotspot/share/classfile/systemDictionary.cpp,
Event: 2745.029 Thread 0x00000213c484f800 Exception <a 'java/lang/ClassNotFoundException'{0x00000000cc92fec8}: sun/net/www/protocol/jdt/Handler> (0x00000000cc92fec8) thrown at [c:/cygwin64/tmp/openjdk-jdk11u-windows-x64-hotspot/workspace/build/src/src/hotspot/share/classfile/systemDictionary.cpp,
Event: 2745.029 Thread 0x00000213c484f800 Exception <a 'java/lang/ClassNotFoundException'{0x00000000cc931d90}: sun/net/www/protocol/jdt/Handler> (0x00000000cc931d90) thrown at [c:/cygwin64/tmp/openjdk-jdk11u-windows-x64-hotspot/workspace/build/src/src/hotspot/share/classfile/systemDictionary.cpp,

Events (20 events):
Event: 3133.301 Executing VM operation: RevokeBias
Event: 3133.301 Executing VM operation: RevokeBias done
Event: 3133.306 Thread 0x00000213c2211800 Thread added: 0x00000213c2211800
Event: 3133.309 Thread 0x00000213c220d000 Thread added: 0x00000213c220d000
Event: 3133.309 Executing VM operation: RevokeBias
Event: 3133.310 Executing VM operation: RevokeBias done
Event: 3134.072 Thread 0x00000213c220e800 Thread added: 0x00000213c220e800
Event: 3134.073 Executing VM operation: RevokeBias
Event: 3134.073 Executing VM operation: RevokeBias done
Event: 3134.073 Executing VM operation: RevokeBias
Event: 3134.073 Executing VM operation: RevokeBias done
Event: 3134.073 Thread 0x00000213c220d000 Thread exited: 0x00000213c220d000
Event: 3134.073 Executing VM operation: RevokeBias
Event: 3134.073 Executing VM operation: RevokeBias done
Event: 3134.074 Executing VM operation: RevokeBias
Event: 3134.074 Executing VM operation: RevokeBias done
Event: 3134.074 Thread 0x00000213c220e800 Thread exited: 0x00000213c220e800
Event: 3134.105 Executing VM operation: RevokeBias
Event: 3134.105 Executing VM operation: RevokeBias done
Event: 3134.105 Thread 0x00000213c2211800 Thread exited: 0x00000213c2211800


Dynamic libraries:
0x00007ff7deca0000 - 0x00007ff7decad000 	D:\Program Files\AdoptOpenJDK\jdk-11.0.6.10-hotspot\bin\java.exe
0x00007ffbebae0000 - 0x00007ffbebcd0000 	C:\WINDOWS\SYSTEM32\ntdll.dll
0x00007ffbe9e60000 - 0x00007ffbe9f12000 	C:\WINDOWS\System32\KERNEL32.DLL
0x00007ffbe95d0000 - 0x00007ffbe9873000 	C:\WINDOWS\System32\KERNELBASE.dll
0x00007ffbe8ca0000 - 0x00007ffbe8d9a000 	C:\WINDOWS\System32\ucrtbase.dll
0x00007ffb91ad0000 - 0x00007ffb91ae7000 	D:\Program Files\AdoptOpenJDK\jdk-11.0.6.10-hotspot\bin\jli.dll
0x00007ffb919d0000 - 0x00007ffb919e6000 	D:\Program Files\AdoptOpenJDK\jdk-11.0.6.10-hotspot\bin\VCRUNTIME140.dll
0x00007ffbea930000 - 0x00007ffbeaac4000 	C:\WINDOWS\System32\USER32.dll
0x00007ffbe9880000 - 0x00007ffbe98a1000 	C:\WINDOWS\System32\win32u.dll
0x00007ffbdabd0000 - 0x00007ffbdae55000 	C:\WINDOWS\WinSxS\amd64_microsoft.windows.common-controls_6595b64144ccf1df_6.0.18362.657_none_e6c5b579130e3898\COMCTL32.dll
0x00007ffbe9d00000 - 0x00007ffbe9d9e000 	C:\WINDOWS\System32\msvcrt.dll
0x00007ffbeb520000 - 0x00007ffbeb546000 	C:\WINDOWS\System32\GDI32.dll
0x00007ffbeb550000 - 0x00007ffbeb886000 	C:\WINDOWS\System32\combase.dll
0x00007ffbe8a70000 - 0x00007ffbe8c04000 	C:\WINDOWS\System32\gdi32full.dll
0x00007ffbeaad0000 - 0x00007ffbeabf0000 	C:\WINDOWS\System32\RPCRT4.dll
0x00007ffbe9920000 - 0x00007ffbe99be000 	C:\WINDOWS\System32\msvcp_win.dll
0x00007ffbe9b10000 - 0x00007ffbe9b90000 	C:\WINDOWS\System32\bcryptPrimitives.dll
0x00007ffbe9bc0000 - 0x00007ffbe9bee000 	C:\WINDOWS\System32\IMM32.DLL
0x00007ffb91930000 - 0x00007ffb919cb000 	D:\Program Files\AdoptOpenJDK\jdk-11.0.6.10-hotspot\bin\msvcp140.dll
0x00007ffb8f790000 - 0x00007ffb9024c000 	D:\Program Files\AdoptOpenJDK\jdk-11.0.6.10-hotspot\bin\server\jvm.dll
0x00007ffbe9da0000 - 0x00007ffbe9e43000 	C:\WINDOWS\System32\ADVAPI32.dll
0x00007ffbea890000 - 0x00007ffbea927000 	C:\WINDOWS\System32\sechost.dll
0x00007ffbeabf0000 - 0x00007ffbeabf8000 	C:\WINDOWS\System32\PSAPI.DLL
0x00007ffbe6510000 - 0x00007ffbe6534000 	C:\WINDOWS\SYSTEM32\WINMM.dll
0x00007ffbad970000 - 0x00007ffbad979000 	C:\WINDOWS\SYSTEM32\WSOCK32.dll
0x00007ffbea0d0000 - 0x00007ffbea13f000 	C:\WINDOWS\System32\WS2_32.dll
0x00007ffbe64e0000 - 0x00007ffbe650d000 	C:\WINDOWS\SYSTEM32\winmmbase.dll
0x00007ffbe3290000 - 0x00007ffbe329a000 	C:\WINDOWS\SYSTEM32\VERSION.dll
0x00007ffbe98b0000 - 0x00007ffbe98fa000 	C:\WINDOWS\System32\cfgmgr32.dll
0x00007ffbe8a50000 - 0x00007ffbe8a61000 	C:\WINDOWS\System32\kernel.appcore.dll
0x00007ffb96750000 - 0x00007ffb96760000 	D:\Program Files\AdoptOpenJDK\jdk-11.0.6.10-hotspot\bin\verify.dll
0x00007ffbd3f00000 - 0x00007ffbd40f4000 	C:\WINDOWS\SYSTEM32\DBGHELP.DLL
0x00007ffbd37d0000 - 0x00007ffbd37fa000 	C:\WINDOWS\SYSTEM32\dbgcore.DLL
0x00007ffb91900000 - 0x00007ffb91928000 	D:\Program Files\AdoptOpenJDK\jdk-11.0.6.10-hotspot\bin\java.dll
0x00007ffb918e0000 - 0x00007ffb918f7000 	D:\Program Files\AdoptOpenJDK\jdk-11.0.6.10-hotspot\bin\zip.dll
0x00007ffb965d0000 - 0x00007ffb965da000 	D:\Program Files\AdoptOpenJDK\jdk-11.0.6.10-hotspot\bin\jimage.dll
0x00007ffbeadd0000 - 0x00007ffbeb4b5000 	C:\WINDOWS\System32\SHELL32.dll
0x00007ffbea020000 - 0x00007ffbea0c9000 	C:\WINDOWS\System32\shcore.dll
0x00007ffbe8da0000 - 0x00007ffbe951f000 	C:\WINDOWS\System32\windows.storage.dll
0x00007ffbe8a30000 - 0x00007ffbe8a4f000 	C:\WINDOWS\System32\profapi.dll
0x00007ffbe89c0000 - 0x00007ffbe8a0a000 	C:\WINDOWS\System32\powrprof.dll
0x00007ffbe89b0000 - 0x00007ffbe89c0000 	C:\WINDOWS\System32\UMPDC.dll
0x00007ffbeba40000 - 0x00007ffbeba92000 	C:\WINDOWS\System32\shlwapi.dll
0x00007ffbe9900000 - 0x00007ffbe9917000 	C:\WINDOWS\System32\cryptsp.dll
0x00007ffb96630000 - 0x00007ffb96649000 	D:\Program Files\AdoptOpenJDK\jdk-11.0.6.10-hotspot\bin\net.dll
0x00007ffbe0260000 - 0x00007ffbe0350000 	C:\WINDOWS\SYSTEM32\WINHTTP.dll
0x00007ffbe8220000 - 0x00007ffbe8287000 	C:\WINDOWS\system32\mswsock.dll
0x00007ffb91af0000 - 0x00007ffb91b02000 	D:\Program Files\AdoptOpenJDK\jdk-11.0.6.10-hotspot\bin\nio.dll
0x00007ffbe7d90000 - 0x00007ffbe7dc3000 	C:\WINDOWS\system32\rsaenh.dll
0x00007ffbe8c70000 - 0x00007ffbe8c96000 	C:\WINDOWS\System32\bcrypt.dll
0x00007ffbe88d0000 - 0x00007ffbe88f5000 	C:\WINDOWS\SYSTEM32\USERENV.dll
0x00007ffbe83f0000 - 0x00007ffbe83fc000 	C:\WINDOWS\SYSTEM32\CRYPTBASE.dll
0x00007ffbe7f30000 - 0x00007ffbe7f6a000 	C:\WINDOWS\SYSTEM32\IPHLPAPI.DLL
0x00007ffbe9b90000 - 0x00007ffbe9b98000 	C:\WINDOWS\System32\NSI.dll
0x00007ffbe0890000 - 0x00007ffbe08a6000 	C:\WINDOWS\SYSTEM32\dhcpcsvc6.DLL
0x00007ffbe1730000 - 0x00007ffbe174c000 	C:\WINDOWS\SYSTEM32\dhcpcsvc.DLL
0x00007ffbe7f70000 - 0x00007ffbe803a000 	C:\WINDOWS\SYSTEM32\DNSAPI.dll
0x00007ffbd6900000 - 0x00007ffbd6929000 	C:\Users\Eric Dao\.vscode\extensions\redhat.java-0.57.0\server\config_win\org.eclipse.equinox.launcher\org.eclipse.equinox.launcher.win32.win32.x86_64_1.1.1100.v20190907-0426\eclipse_1902.dll
0x00007ffbd68e0000 - 0x00007ffbd68f1000 	C:\Users\Eric Dao\.vscode\extensions\redhat.java-0.57.0\server\config_win\org.eclipse.osgi\20\0\.cp\jWinHttp-1.0.0.dll
0x00007ffbeac70000 - 0x00007ffbeadc6000 	C:\WINDOWS\System32\ole32.dll
0x00007ffbca140000 - 0x00007ffbca166000 	D:\Program Files\AdoptOpenJDK\jdk-11.0.6.10-hotspot\bin\sunec.dll
0x00007ffbd7e90000 - 0x00007ffbd7e9a000 	C:\Windows\System32\rasadhlp.dll
0x00007ffbe0750000 - 0x00007ffbe07c7000 	C:\WINDOWS\System32\fwpuclnt.dll
0x00007ffbe6a30000 - 0x00007ffbe6a3d000 	D:\Program Files\AdoptOpenJDK\jdk-11.0.6.10-hotspot\bin\sunmscapi.dll
0x00007ffbe99c0000 - 0x00007ffbe9b09000 	C:\WINDOWS\System32\CRYPT32.dll
0x00007ffbe8a10000 - 0x00007ffbe8a22000 	C:\WINDOWS\System32\MSASN1.dll
0x00007ffbe84f0000 - 0x00007ffbe8516000 	C:\WINDOWS\SYSTEM32\ncrypt.dll
0x00007ffbe84b0000 - 0x00007ffbe84eb000 	C:\WINDOWS\SYSTEM32\NTASN1.dll

dbghelp: loaded successfully - version: 4.0.5 - missing functions: none
symbol engine: initialized successfully - sym options: 0x614 - pdb path: .;D:\Program Files\AdoptOpenJDK\jdk-11.0.6.10-hotspot\bin;C:\WINDOWS\SYSTEM32;C:\WINDOWS\WinSxS\amd64_microsoft.windows.common-controls_6595b64144ccf1df_6.0.18362.657_none_e6c5b579130e3898;D:\Program Files\AdoptOpenJDK\jdk-11.0.6.10-hotspot\bin\server;C:\Users\Eric Dao\.vscode\extensions\redhat.java-0.57.0\server\config_win\org.eclipse.equinox.launcher\org.eclipse.equinox.launcher.win32.win32.x86_64_1.1.1100.v20190907-0426;C:\Users\Eric Dao\.vscode\extensions\redhat.java-0.57.0\server\config_win\org.eclipse.osgi\20\0\.cp

VM Arguments:
jvm_args: --add-modules=ALL-SYSTEM --add-opens=java.base/java.util=ALL-UNNAMED --add-opens=java.base/java.lang=ALL-UNNAMED -Declipse.application=org.eclipse.jdt.ls.core.id1 -Dosgi.bundles.defaultStartLevel=4 -Declipse.product=org.eclipse.jdt.ls.core.product -Dfile.encoding=utf8 -DwatchParentProcess=false -Xmx1G -XX:+UseG1GC -XX:+UseStringDeduplication -Xverify:none 
java_command: c:\Users\Eric Dao\.vscode\extensions\redhat.java-0.57.0\server\plugins\org.eclipse.equinox.launcher_1.5.700.v20200207-2156.jar -configuration c:\Users\Eric Dao\.vscode\extensions\redhat.java-0.57.0\server\config_win -data c:\Users\Eric Dao\AppData\Roaming\Code\User\workspaceStorage\77733df54a40ef82e01ac8144fe2481a\redhat.java\jdt_ws
java_class_path (initial): c:\Users\Eric Dao\.vscode\extensions\redhat.java-0.57.0\server\plugins\org.eclipse.equinox.launcher_1.5.700.v20200207-2156.jar
Launcher Type: SUN_STANDARD

[Global flags]
     bool BytecodeVerificationLocal                = false                                     {product} {command line}
     bool BytecodeVerificationRemote               = false                                     {product} {command line}
     intx CICompilerCount                          = 4                                         {product} {ergonomic}
     uint ConcGCThreads                            = 3                                         {product} {ergonomic}
     uint G1ConcRefinementThreads                  = 10                                        {product} {ergonomic}
   size_t G1HeapRegionSize                         = 1048576                                   {product} {ergonomic}
    uintx GCDrainStackTargetSize                   = 64                                        {product} {ergonomic}
   size_t InitialHeapSize                          = 134217728                                 {product} {ergonomic}
   size_t MarkStackSize                            = 4194304                                   {product} {ergonomic}
   size_t MaxHeapSize                              = 1073741824                                {product} {command line}
   size_t MaxNewSize                               = 643825664                                 {product} {ergonomic}
   size_t MinHeapDeltaBytes                        = 1048576                                   {product} {ergonomic}
    uintx NonNMethodCodeHeapSize                   = 5836300                                {pd product} {ergonomic}
    uintx NonProfiledCodeHeapSize                  = 122910970                              {pd product} {ergonomic}
    uintx ProfiledCodeHeapSize                     = 122910970                              {pd product} {ergonomic}
    uintx ReservedCodeCacheSize                    = 251658240                              {pd product} {ergonomic}
     bool SegmentedCodeCache                       = true                                      {product} {ergonomic}
     bool UseCompressedClassPointers               = true                                 {lp64_product} {ergonomic}
     bool UseCompressedOops                        = true                                 {lp64_product} {ergonomic}
     bool UseG1GC                                  = true                                      {product} {command line}
     bool UseLargePagesIndividualAllocation        = false                                  {pd product} {ergonomic}
     bool UseStringDeduplication                   = true                                      {product} {command line}

Logging:
Log output configuration:
 #0: stdout all=warning uptime,level,tags
 #1: stderr all=off uptime,level,tags

Environment Variables:
PATH=D:\Program Files\bin;D:\Program Files\Java\jdk-11.0.6;C:\Windows\system32;C:\Windows;C:\Windows\System32\Wbem;C:\Windows\System32\WindowsPowerShell\v1.0\;C:\Program Files (x86)\NVIDIA Corporation\PhysX\Common;C:\WINDOWS\system32;C:\WINDOWS;C:\WINDOWS\System32\Wbem;C:\WINDOWS\System32\WindowsPowerShell\v1.0\;C:\WINDOWS\System32\OpenSSH\;C:\Program Files\NVIDIA Corporation\NVIDIA NvDLISR;C:\Program Files\Git\cmd;D:\Program Files\AdoptOpenJDK\jdk-11.0.6.10-hotspot\bin;C:\Users\Eric Dao\AppData\Local\Microsoft\WindowsApps;C:\Users\Eric Dao\AppData\Local\Programs\Microsoft VS Code\bin;C:\Users\Eric Dao\AppData\Local\GitHubDesktop\bin
USERNAME=Eric Dao
OS=Windows_NT
PROCESSOR_IDENTIFIER=AMD64 Family 23 Model 1 Stepping 1, AuthenticAMD



---------------  S Y S T E M  ---------------

OS: Windows 10 , 64 bit Build 18362 (10.0.18362.329)

CPU:total 12 (initial active 12) (12 cores per cpu, 2 threads per core) family 23 model 1 stepping 1, cmov, cx8, fxsr, mmx, sse, sse2, sse3, ssse3, sse4.1, sse4.2, popcnt, avx, avx2, aes, clmul, mmxext, 3dnowpref, lzcnt, sse4a, ht, tsc, tscinvbit, tscinv, bmi1, bmi2, adx, sha, fma

Memory: 4k page, system-wide physical 8124M (1776M free)
TotalPageFile size 22357M (AvailPageFile size 23M)
current process WorkingSet (physical memory assigned to process): 535M, peak: 541M
current process commit charge ("private bytes"): 599M, peak: 603M

vm_info: OpenJDK 64-Bit Server VM (11.0.6+10) for windows-amd64 JRE (11.0.6+10), built on Jan 15 2020 06:14:58 by "" with MS VC++ 15.8 (VS2017)

END.
