#
# There is insufficient memory for the Java Runtime Environment to continue.
# Native memory allocation (mmap) failed to map 134217728 bytes for Failed to commit area from 0x0000000081000000 to 0x0000000089000000 of length 134217728.
# Possible reasons:
#   The system is out of physical RAM or swap space
#   The process is running with CompressedOops enabled, and the Java Heap may be blocking the growth of the native heap
# Possible solutions:
#   Reduce memory load on the system
#   Increase physical memory or swap space
#   Check if swap backing store is full
#   Decrease Java heap size (-Xmx/-Xms)
#   Decrease number of Java threads
#   Decrease Java thread stack sizes (-Xss)
#   Set larger code cache with -XX:ReservedCodeCacheSize=
# This output file may be truncated or incomplete.
#
#  Out of Memory Error (c:/cygwin64/tmp/openjdk-jdk11u-windows-x64-hotspot/workspace/build/src/src/hotspot/os/windows/os_windows.cpp:3296), pid=13732, tid=20176
#
# JRE version:  (11.0.6+10) (build )
# Java VM: OpenJDK 64-Bit Server VM (11.0.6+10, mixed mode, sharing, tiered, compressed oops, g1 gc, windows-amd64)
# No core dump will be written. Minidumps are not enabled by default on client versions of Windows
#

---------------  S U M M A R Y ------------

Command Line: -Dfile.encoding=UTF-8 MemoryGame

Host: AMD Ryzen 5 1600 Six-Core Processor            , 12 cores, 7G,  Windows 10 , 64 bit Build 18362 (10.0.18362.329)
Time: Sun Mar  1 17:26:11 2020 Pacific Standard Time elapsed time: 0 seconds (0d 0h 0m 0s)

---------------  T H R E A D  ---------------

Current thread (0x000002a49242c800):  JavaThread "Unknown thread" [_thread_in_vm, id=20176, stack(0x000000c5fc100000,0x000000c5fc200000)]

Stack: [0x000000c5fc100000,0x000000c5fc200000]
Native frames: (J=compiled Java code, j=interpreted, Vv=VM code, C=native code)
V  [jvm.dll+0x5db25a]
V  [jvm.dll+0x7111de]
V  [jvm.dll+0x712877]
V  [jvm.dll+0x712f43]
V  [jvm.dll+0x23fe78]
V  [jvm.dll+0x5d854a]
V  [jvm.dll+0x5cd2c5]
V  [jvm.dll+0x2f52fc]
V  [jvm.dll+0x2f5182]
V  [jvm.dll+0x2f9e36]
V  [jvm.dll+0x33b57f]
V  [jvm.dll+0x33afb0]
V  [jvm.dll+0x2d2708]
V  [jvm.dll+0x2d3856]
V  [jvm.dll+0x6eced7]
V  [jvm.dll+0x6ee65f]
V  [jvm.dll+0x348309]
V  [jvm.dll+0x6d14e0]
V  [jvm.dll+0x3afe7f]
V  [jvm.dll+0x3b24c1]
C  [jli.dll+0x51fb]
C  [ucrtbase.dll+0x20e72]
C  [KERNEL32.DLL+0x17bd4]
C  [ntdll.dll+0x6ced1]


---------------  P R O C E S S  ---------------

Threads class SMR info:
_java_thread_list=0x000002a4902e5870, length=0, elements={
}

Java Threads: ( => current thread )

Other Threads:
  0x000002a492444800 GCTaskThread "GC Thread#0" [stack: 0x000000c5fc200000,0x000000c5fc300000] [id=2464]
  0x000002a492476800 ConcurrentGCThread "G1 Main Marker" [stack: 0x000000c5fc300000,0x000000c5fc400000] [id=10444]
  0x000002a492477800 ConcurrentGCThread "G1 Conc#0" [stack: 0x000000c5fc400000,0x000000c5fc500000] [id=18192]

[error occurred during error reporting (printing all threads), id 0xc0000005, EXCEPTION_ACCESS_VIOLATION (0xc0000005) at pc=0x00007ffc28981d57]

VM state:not at safepoint (not fully initialized)

VM Mutex/Monitor currently owned by a thread:  ([mutex/lock_event])
[0x000002a492427260] Heap_lock - owner thread: 0x000002a49242c800

Heap address: 0x0000000081000000, size: 2032 MB, Compressed Oops mode: Non-zero based: 0x0000000081000000
Narrow klass base: 0x0000000000000000, Narrow klass shift: 0

GC Heap History (0 events):
No events

Deoptimization events (0 events):
No events

Classes redefined (0 events):
No events

Internal exceptions (0 events):
No events

Events (2 events):
Event: 0.004 Loaded shared library D:\Program Files\AdoptOpenJDK\jdk-11.0.6.10-hotspot\bin\zip.dll
Event: 0.005 Loaded shared library D:\Program Files\AdoptOpenJDK\jdk-11.0.6.10-hotspot\bin\jimage.dll


Dynamic libraries:
0x00007ff73db40000 - 0x00007ff73db4d000 	D:\Program Files\AdoptOpenJDK\jdk-11.0.6.10-hotspot\bin\java.exe
0x00007ffc83a60000 - 0x00007ffc83c50000 	C:\WINDOWS\SYSTEM32\ntdll.dll
0x00007ffc83140000 - 0x00007ffc831f2000 	C:\WINDOWS\System32\KERNEL32.DLL
0x00007ffc813d0000 - 0x00007ffc81673000 	C:\WINDOWS\System32\KERNELBASE.dll
0x00007ffc81170000 - 0x00007ffc8126a000 	C:\WINDOWS\System32\ucrtbase.dll
0x00007ffc6de80000 - 0x00007ffc6de97000 	D:\Program Files\AdoptOpenJDK\jdk-11.0.6.10-hotspot\bin\jli.dll
0x00007ffc6c5c0000 - 0x00007ffc6c5d6000 	D:\Program Files\AdoptOpenJDK\jdk-11.0.6.10-hotspot\bin\VCRUNTIME140.dll
0x00007ffc82f90000 - 0x00007ffc83124000 	C:\WINDOWS\System32\USER32.dll
0x00007ffc81a30000 - 0x00007ffc81a51000 	C:\WINDOWS\System32\win32u.dll
0x00007ffc72660000 - 0x00007ffc728e5000 	C:\WINDOWS\WinSxS\amd64_microsoft.windows.common-controls_6595b64144ccf1df_6.0.18362.657_none_e6c5b579130e3898\COMCTL32.dll
0x00007ffc82510000 - 0x00007ffc82536000 	C:\WINDOWS\System32\GDI32.dll
0x00007ffc83980000 - 0x00007ffc83a1e000 	C:\WINDOWS\System32\msvcrt.dll
0x00007ffc81890000 - 0x00007ffc81a24000 	C:\WINDOWS\System32\gdi32full.dll
0x00007ffc81680000 - 0x00007ffc8171e000 	C:\WINDOWS\System32\msvcp_win.dll
0x00007ffc82890000 - 0x00007ffc82bc6000 	C:\WINDOWS\System32\combase.dll
0x00007ffc82e70000 - 0x00007ffc82f90000 	C:\WINDOWS\System32\RPCRT4.dll
0x00007ffc812c0000 - 0x00007ffc81340000 	C:\WINDOWS\System32\bcryptPrimitives.dll
0x00007ffc81d20000 - 0x00007ffc81d4e000 	C:\WINDOWS\System32\IMM32.DLL
0x00007ffc4b790000 - 0x00007ffc4b82b000 	D:\Program Files\AdoptOpenJDK\jdk-11.0.6.10-hotspot\bin\msvcp140.dll
0x00007ffc286a0000 - 0x00007ffc2915c000 	D:\Program Files\AdoptOpenJDK\jdk-11.0.6.10-hotspot\bin\server\jvm.dll
0x00007ffc83200000 - 0x00007ffc832a3000 	C:\WINDOWS\System32\ADVAPI32.dll
0x00007ffc81b10000 - 0x00007ffc81ba7000 	C:\WINDOWS\System32\sechost.dll
0x00007ffc83130000 - 0x00007ffc83138000 	C:\WINDOWS\System32\PSAPI.DLL
0x00007ffc700d0000 - 0x00007ffc700d9000 	C:\WINDOWS\SYSTEM32\WSOCK32.dll
0x00007ffc71e30000 - 0x00007ffc71e54000 	C:\WINDOWS\SYSTEM32\WINMM.dll
0x00007ffc7c5f0000 - 0x00007ffc7c5fa000 	C:\WINDOWS\SYSTEM32\VERSION.dll
0x00007ffc824a0000 - 0x00007ffc8250f000 	C:\WINDOWS\System32\WS2_32.dll
0x00007ffc71e00000 - 0x00007ffc71e2d000 	C:\WINDOWS\SYSTEM32\winmmbase.dll
0x00007ffc81270000 - 0x00007ffc812ba000 	C:\WINDOWS\System32\cfgmgr32.dll
0x00007ffc80940000 - 0x00007ffc80951000 	C:\WINDOWS\System32\kernel.appcore.dll
0x00007ffc7b000000 - 0x00007ffc7b010000 	D:\Program Files\AdoptOpenJDK\jdk-11.0.6.10-hotspot\bin\verify.dll
0x00007ffc7aa70000 - 0x00007ffc7ac64000 	C:\WINDOWS\SYSTEM32\DBGHELP.DLL
0x00007ffc7a390000 - 0x00007ffc7a3ba000 	C:\WINDOWS\SYSTEM32\dbgcore.DLL
0x00007ffc67590000 - 0x00007ffc675b8000 	D:\Program Files\AdoptOpenJDK\jdk-11.0.6.10-hotspot\bin\java.dll
0x00007ffc6c5a0000 - 0x00007ffc6c5b7000 	D:\Program Files\AdoptOpenJDK\jdk-11.0.6.10-hotspot\bin\zip.dll
0x00007ffc77a30000 - 0x00007ffc77a3a000 	D:\Program Files\AdoptOpenJDK\jdk-11.0.6.10-hotspot\bin\jimage.dll

dbghelp: loaded successfully - version: 4.0.5 - missing functions: none
symbol engine: initialized successfully - sym options: 0x614 - pdb path: .;D:\Program Files\AdoptOpenJDK\jdk-11.0.6.10-hotspot\bin;C:\WINDOWS\SYSTEM32;C:\WINDOWS\WinSxS\amd64_microsoft.windows.common-controls_6595b64144ccf1df_6.0.18362.657_none_e6c5b579130e3898;D:\Program Files\AdoptOpenJDK\jdk-11.0.6.10-hotspot\bin\server

VM Arguments:
jvm_args: -Dfile.encoding=UTF-8 
java_command: MemoryGame
java_class_path (initial): C:\Users\Eric Dao\AppData\Roaming\Code\User\workspaceStorage\77733df54a40ef82e01ac8144fe2481a\redhat.java\jdt_ws\memory-game_d059f0b\bin
Launcher Type: SUN_STANDARD

[Global flags]
     intx CICompilerCount                          = 4                                         {product} {ergonomic}
     uint ConcGCThreads                            = 3                                         {product} {ergonomic}
     uint G1ConcRefinementThreads                  = 10                                        {product} {ergonomic}
   size_t G1HeapRegionSize                         = 1048576                                   {product} {ergonomic}
    uintx GCDrainStackTargetSize                   = 64                                        {product} {ergonomic}
   size_t InitialHeapSize                          = 134217728                                 {product} {ergonomic}
   size_t MarkStackSize                            = 4194304                                   {product} {ergonomic}
   size_t MaxHeapSize                              = 2130706432                                {product} {ergonomic}
   size_t MinHeapDeltaBytes                        = 1048576                                   {product} {ergonomic}
    uintx NonNMethodCodeHeapSize                   = 5836300                                {pd product} {ergonomic}
    uintx NonProfiledCodeHeapSize                  = 122910970                              {pd product} {ergonomic}
    uintx ProfiledCodeHeapSize                     = 122910970                              {pd product} {ergonomic}
    uintx ReservedCodeCacheSize                    = 251658240                              {pd product} {ergonomic}
     bool SegmentedCodeCache                       = true                                      {product} {ergonomic}
     bool UseCompressedClassPointers               = true                                 {lp64_product} {ergonomic}
     bool UseCompressedOops                        = true                                 {lp64_product} {ergonomic}
     bool UseG1GC                                  = true                                      {product} {ergonomic}
     bool UseLargePagesIndividualAllocation        = false                                  {pd product} {ergonomic}

Logging:
Log output configuration:
 #0: stdout all=warning uptime,level,tags
 #1: stderr all=off uptime,level,tags

Environment Variables:
PATH=D:\Program Files\bin;D:\Program Files\Java\jdk-11.0.6;C:\Windows\system32;C:\Windows;C:\Windows\System32\Wbem;C:\Windows\System32\WindowsPowerShell\v1.0\;C:\Program Files (x86)\NVIDIA Corporation\PhysX\Common;C:\WINDOWS\system32;C:\WINDOWS;C:\WINDOWS\System32\Wbem;C:\WINDOWS\System32\WindowsPowerShell\v1.0\;C:\WINDOWS\System32\OpenSSH\;C:\Program Files\NVIDIA Corporation\NVIDIA NvDLISR;C:\Program Files\Git\cmd;D:\Program Files\AdoptOpenJDK\jdk-11.0.6.10-hotspot\bin;C:\Users\Eric Dao\AppData\Local\Microsoft\WindowsApps;C:\Users\Eric Dao\AppData\Local\Programs\Microsoft VS Code\bin;C:\Users\Eric Dao\AppData\Local\GitHubDesktop\bin
USERNAME=Eric Dao
OS=Windows_NT
PROCESSOR_IDENTIFIER=AMD64 Family 23 Model 1 Stepping 1, AuthenticAMD



---------------  S Y S T E M  ---------------

OS: Windows 10 , 64 bit Build 18362 (10.0.18362.329)

CPU:total 12 (initial active 12) (12 cores per cpu, 2 threads per core) family 23 model 1 stepping 1, cmov, cx8, fxsr, mmx, sse, sse2, sse3, ssse3, sse4.1, sse4.2, popcnt, avx, avx2, aes, clmul, mmxext, 3dnowpref, lzcnt, sse4a, ht, tsc, tscinvbit, tscinv, bmi1, bmi2, adx, sha, fma

Memory: 4k page, system-wide physical 8124M (985M free)
TotalPageFile size 22357M (AvailPageFile size 84M)
current process WorkingSet (physical memory assigned to process): 9M, peak: 9M
current process commit charge ("private bytes"): 64M, peak: 192M

vm_info: OpenJDK 64-Bit Server VM (11.0.6+10) for windows-amd64 JRE (11.0.6+10), built on Jan 15 2020 06:14:58 by "" with MS VC++ 15.8 (VS2017)

END.
